1626103102587	geckodriver	INFO	Listening on 127.0.0.1:60907
1626103102590	mozrunner::runner	INFO	Running command: "/usr/bin/firefox" "--marionette" "headless" "-foreground" "-no-remote" "-profile" "/tmp/rust_mozprofilen8PNtI"
1626103103058	Marionette	INFO	Marionette enabled
console.warn: SearchSettings: "get: No settings file exists, new profile?" (new NotFoundError("Could not open the file at /tmp/rust_mozprofilen8PNtI/search.json.mozlz4", (void 0)))
1626103104343	Marionette	INFO	Listening on port 40075
1626103104408	Marionette	WARN	TLS certificate errors will be ignored for this session
JavaScript error: https://www.filmaffinity.com/js/theaters-showtimes.1580721529.js, line 1: ReferenceError: $ is not defined
JavaScript error: , line 0: TypeError: NetworkError when attempting to fetch resource.
1626103130256	Marionette	INFO	Stopped listening on port 40075

###!!! [Parent][RunMessage] Error: Channel closing: too late to send/recv, messages will be lost

1626103418362	geckodriver	INFO	Listening on 127.0.0.1:49705
1626103418365	mozrunner::runner	INFO	Running command: "/usr/bin/firefox" "--marionette" "headless" "-foreground" "-no-remote" "-profile" "/tmp/rust_mozprofileVxjAf0"
1626103418848	Marionette	INFO	Marionette enabled
console.warn: SearchSettings: "get: No settings file exists, new profile?" (new NotFoundError("Could not open the file at /tmp/rust_mozprofileVxjAf0/search.json.mozlz4", (void 0)))
1626103420052	Marionette	INFO	Listening on port 34003
1626103420099	Marionette	WARN	TLS certificate errors will be ignored for this session
JavaScript error: https://www.filmaffinity.com/js/theaters-showtimes.1580721529.js, line 1: ReferenceError: $ is not defined
1626103501377	Marionette	INFO	Stopped listening on port 34003

###!!! [Parent][RunMessage] Error: Channel closing: too late to send/recv, messages will be lost

1626103661730	geckodriver	INFO	Listening on 127.0.0.1:37289
1626103661733	mozrunner::runner	INFO	Running command: "/usr/bin/firefox" "--marionette" "-headless" "-foreground" "-no-remote" "-profile" "/tmp/rust_mozprofile36CVMh"
*** You are running in headless mode.
1626103662121	Marionette	INFO	Marionette enabled
[GFX1-]: RenderCompositorSWGL failed mapping default framebuffer, no dt
[GFX1-]: RenderCompositorSWGL failed mapping default framebuffer, no dt
console.warn: SearchSettings: "get: No settings file exists, new profile?" (new NotFoundError("Could not open the file at /tmp/rust_mozprofile36CVMh/search.json.mozlz4", (void 0)))
[GFX1-]: RenderCompositorSWGL failed mapping default framebuffer, no dt
[GFX1-]: RenderCompositorSWGL failed mapping default framebuffer, no dt
[GFX1-]: RenderCompositorSWGL failed mapping default framebuffer, no dt
1626103663114	Marionette	INFO	Listening on port 38307
[GFX1-]: RenderCompositorSWGL failed mapping default framebuffer, no dt
1626103663154	Marionette	WARN	TLS certificate errors will be ignored for this session
[GFX1-]: RenderCompositorSWGL failed mapping default framebuffer, no dt
[GFX1-]: RenderCompositorSWGL failed mapping default framebuffer, no dt
[GFX1-]: RenderCompositorSWGL failed mapping default framebuffer, no dt
[GFX1-]: RenderCompositorSWGL failed mapping default framebuffer, no dt
[GFX1-]: RenderCompositorSWGL failed mapping default framebuffer, no dt
[GFX1-]: RenderCompositorSWGL failed mapping default framebuffer, no dt
[GFX1-]: RenderCompositorSWGL failed mapping default framebuffer, no dt
[GFX1-]: RenderCompositorSWGL failed mapping default framebuffer, no dt
[GFX1-]: RenderCompositorSWGL failed mapping default framebuffer, no dt
[GFX1-]: RenderCompositorSWGL failed mapping default framebuffer, no dt
[GFX1-]: RenderCompositorSWGL failed mapping default framebuffer, no dt
[GFX1-]: RenderCompositorSWGL failed mapping default framebuffer, no dt
JavaScript error: https://www.filmaffinity.com/js/theaters-showtimes.1580721529.js, line 1: ReferenceError: $ is not defined
[GFX1-]: RenderCompositorSWGL failed mapping default framebuffer, no dt
[GFX1-]: RenderCompositorSWGL failed mapping default framebuffer, no dt
[GFX1-]: RenderCompositorSWGL failed mapping default framebuffer, no dt
[GFX1-]: RenderCompositorSWGL failed mapping default framebuffer, no dt
[GFX1-]: RenderCompositorSWGL failed mapping default framebuffer, no dt
[GFX1-]: RenderCompositorSWGL failed mapping default framebuffer, no dt
[GFX1-]: RenderCompositorSWGL failed mapping default framebuffer, no dt
[GFX1-]: RenderCompositorSWGL failed mapping default framebuffer, no dt
[GFX1-]: RenderCompositorSWGL failed mapping default framebuffer, no dt
[GFX1-]: RenderCompositorSWGL failed mapping default framebuffer, no dt
[GFX1-]: RenderCompositorSWGL failed mapping default framebuffer, no dt
[GFX1-]: RenderCompositorSWGL failed mapping default framebuffer, no dt
[GFX1-]: RenderCompositorSWGL failed mapping default framebuffer, no dt
[GFX1-]: RenderCompositorSWGL failed mapping default framebuffer, no dt
[GFX1-]: RenderCompositorSWGL failed mapping default framebuffer, no dt
[GFX1-]: RenderCompositorSWGL failed mapping default framebuffer, no dt
[GFX1-]: RenderCompositorSWGL failed mapping default framebuffer, no dt
[GFX1-]: RenderCompositorSWGL failed mapping default framebuffer, no dt
[GFX1-]: RenderCompositorSWGL failed mapping default framebuffer, no dt
[GFX1-]: RenderCompositorSWGL failed mapping default framebuffer, no dt
[GFX1-]: RenderCompositorSWGL failed mapping default framebuffer, no dt
[GFX1-]: RenderCompositorSWGL failed mapping default framebuffer, no dt
[GFX1-]: RenderCompositorSWGL failed mapping default framebuffer, no dt
[GFX1-]: RenderCompositorSWGL failed mapping default framebuffer, no dt
[GFX1-]: RenderCompositorSWGL failed mapping default framebuffer, no dt
[GFX1-]: RenderCompositorSWGL failed mapping default framebuffer, no dt
[GFX1-]: RenderCompositorSWGL failed mapping default framebuffer, no dt
[GFX1-]: RenderCompositorSWGL failed mapping default framebuffer, no dt
[GFX1-]: RenderCompositorSWGL failed mapping default framebuffer, no dt
[GFX1-]: RenderCompositorSWGL failed mapping default framebuffer, no dt
[GFX1-]: RenderCompositorSWGL failed mapping default framebuffer, no dt
[GFX1-]: RenderCompositorSWGL failed mapping default framebuffer, no dt
[GFX1-]: RenderCompositorSWGL failed mapping default framebuffer, no dt
[GFX1-]: RenderCompositorSWGL failed mapping default framebuffer, no dt
[GFX1-]: RenderCompositorSWGL failed mapping default framebuffer, no dt
[GFX1-]: RenderCompositorSWGL failed mapping default framebuffer, no dt
[GFX1-]: RenderCompositorSWGL failed mapping default framebuffer, no dt
[GFX1-]: RenderCompositorSWGL failed mapping default framebuffer, no dt
[GFX1-]: RenderCompositorSWGL failed mapping default framebuffer, no dt
[GFX1-]: RenderCompositorSWGL failed mapping default framebuffer, no dt
[GFX1-]: RenderCompositorSWGL failed mapping default framebuffer, no dt
[GFX1-]: RenderCompositorSWGL failed mapping default framebuffer, no dt
[GFX1-]: RenderCompositorSWGL failed mapping default framebuffer, no dt
[GFX1-]: RenderCompositorSWGL failed mapping default framebuffer, no dt
[GFX1-]: RenderCompositorSWGL failed mapping default framebuffer, no dt
[GFX1-]: RenderCompositorSWGL failed mapping default framebuffer, no dt
[GFX1-]: RenderCompositorSWGL failed mapping default framebuffer, no dt
[GFX1-]: RenderCompositorSWGL failed mapping default framebuffer, no dt
[GFX1-]: RenderCompositorSWGL failed mapping default framebuffer, no dt
[GFX1-]: RenderCompositorSWGL failed mapping default framebuffer, no dt
[GFX1-]: RenderCompositorSWGL failed mapping default framebuffer, no dt
[GFX1-]: RenderCompositorSWGL failed mapping default framebuffer, no dt
[GFX1-]: RenderCompositorSWGL failed mapping default framebuffer, no dt
[GFX1-]: RenderCompositorSWGL failed mapping default framebuffer, no dt
[GFX1-]: RenderCompositorSWGL failed mapping default framebuffer, no dt
[GFX1-]: RenderCompositorSWGL failed mapping default framebuffer, no dt
[GFX1-]: RenderCompositorSWGL failed mapping default framebuffer, no dt
[GFX1-]: RenderCompositorSWGL failed mapping default framebuffer, no dt
[GFX1-]: RenderCompositorSWGL failed mapping default framebuffer, no dt
[GFX1-]: RenderCompositorSWGL failed mapping default framebuffer, no dt
[GFX1-]: RenderCompositorSWGL failed mapping default framebuffer, no dt
[GFX1-]: RenderCompositorSWGL failed mapping default framebuffer, no dt
[GFX1-]: RenderCompositorSWGL failed mapping default framebuffer, no dt
[GFX1-]: RenderCompositorSWGL failed mapping default framebuffer, no dt
[GFX1-]: RenderCompositorSWGL failed mapping default framebuffer, no dt
[GFX1-]: RenderCompositorSWGL failed mapping default framebuffer, no dt
[GFX1-]: RenderCompositorSWGL failed mapping default framebuffer, no dt
[GFX1-]: RenderCompositorSWGL failed mapping default framebuffer, no dt
[GFX1-]: RenderCompositorSWGL failed mapping default framebuffer, no dt
[GFX1-]: RenderCompositorSWGL failed mapping default framebuffer, no dt
[GFX1-]: RenderCompositorSWGL failed mapping default framebuffer, no dt
[GFX1-]: RenderCompositorSWGL failed mapping default framebuffer, no dt
[GFX1-]: RenderCompositorSWGL failed mapping default framebuffer, no dt
[GFX1-]: RenderCompositorSWGL failed mapping default framebuffer, no dt
[GFX1-]: RenderCompositorSWGL failed mapping default framebuffer, no dt
[GFX1-]: RenderCompositorSWGL failed mapping default framebuffer, no dt
[GFX1-]: RenderCompositorSWGL failed mapping default framebuffer, no dt
[GFX1-]: RenderCompositorSWGL failed mapping default framebuffer, no dt
[GFX1-]: RenderCompositorSWGL failed mapping default framebuffer, no dt
[GFX1-]: RenderCompositorSWGL failed mapping default framebuffer, no dt
[GFX1-]: RenderCompositorSWGL failed mapping default framebuffer, no dt
[GFX1-]: RenderCompositorSWGL failed mapping default framebuffer, no dt
[GFX1-]: RenderCompositorSWGL failed mapping default framebuffer, no dt
[GFX1-]: RenderCompositorSWGL failed mapping default framebuffer, no dt
[GFX1-]: RenderCompositorSWGL failed mapping default framebuffer, no dt
[GFX1-]: RenderCompositorSWGL failed mapping default framebuffer, no dt
[GFX1-]: RenderCompositorSWGL failed mapping default framebuffer, no dt
[GFX1-]: RenderCompositorSWGL failed mapping default framebuffer, no dt
[GFX1-]: RenderCompositorSWGL failed mapping default framebuffer, no dt
[GFX1-]: RenderCompositorSWGL failed mapping default framebuffer, no dt
[GFX1-]: RenderCompositorSWGL failed mapping default framebuffer, no dt
[GFX1-]: RenderCompositorSWGL failed mapping default framebuffer, no dt
[GFX1-]: RenderCompositorSWGL failed mapping default framebuffer, no dt
[GFX1-]: RenderCompositorSWGL failed mapping default framebuffer, no dt
[GFX1-]: RenderCompositorSWGL failed mapping default framebuffer, no dt
[GFX1-]: RenderCompositorSWGL failed mapping default framebuffer, no dt
[GFX1-]: RenderCompositorSWGL failed mapping default framebuffer, no dt
[GFX1-]: RenderCompositorSWGL failed mapping default framebuffer, no dt
[GFX1-]: RenderCompositorSWGL failed mapping default framebuffer, no dt
[GFX1-]: RenderCompositorSWGL failed mapping default framebuffer, no dt
[GFX1-]: RenderCompositorSWGL failed mapping default framebuffer, no dt
[GFX1-]: RenderCompositorSWGL failed mapping default framebuffer, no dt
[GFX1-]: RenderCompositorSWGL failed mapping default framebuffer, no dt
[GFX1-]: RenderCompositorSWGL failed mapping default framebuffer, no dt
[GFX1-]: RenderCompositorSWGL failed mapping default framebuffer, no dt
[GFX1-]: RenderCompositorSWGL failed mapping default framebuffer, no dt
[GFX1-]: RenderCompositorSWGL failed mapping default framebuffer, no dt
[GFX1-]: RenderCompositorSWGL failed mapping default framebuffer, no dt
[GFX1-]: RenderCompositorSWGL failed mapping default framebuffer, no dt
[GFX1-]: RenderCompositorSWGL failed mapping default framebuffer, no dt
[GFX1-]: RenderCompositorSWGL failed mapping default framebuffer, no dt
[GFX1-]: RenderCompositorSWGL failed mapping default framebuffer, no dt
[GFX1-]: RenderCompositorSWGL failed mapping default framebuffer, no dt
[GFX1-]: RenderCompositorSWGL failed mapping default framebuffer, no dt
[GFX1-]: RenderCompositorSWGL failed mapping default framebuffer, no dt
[GFX1-]: RenderCompositorSWGL failed mapping default framebuffer, no dt
[GFX1-]: RenderCompositorSWGL failed mapping default framebuffer, no dt
[GFX1-]: RenderCompositorSWGL failed mapping default framebuffer, no dt
[GFX1-]: RenderCompositorSWGL failed mapping default framebuffer, no dt
[GFX1-]: RenderCompositorSWGL failed mapping default framebuffer, no dt
[GFX1-]: RenderCompositorSWGL failed mapping default framebuffer, no dt
[GFX1-]: RenderCompositorSWGL failed mapping default framebuffer, no dt
[GFX1-]: RenderCompositorSWGL failed mapping default framebuffer, no dt
[GFX1-]: RenderCompositorSWGL failed mapping default framebuffer, no dt
[GFX1-]: RenderCompositorSWGL failed mapping default framebuffer, no dt
[GFX1-]: RenderCompositorSWGL failed mapping default framebuffer, no dt
[GFX1-]: RenderCompositorSWGL failed mapping default framebuffer, no dt
[GFX1-]: RenderCompositorSWGL failed mapping default framebuffer, no dt
[GFX1-]: RenderCompositorSWGL failed mapping default framebuffer, no dt
[GFX1-]: RenderCompositorSWGL failed mapping default framebuffer, no dt
[GFX1-]: RenderCompositorSWGL failed mapping default framebuffer, no dt
[GFX1-]: RenderCompositorSWGL failed mapping default framebuffer, no dt
[GFX1-]: RenderCompositorSWGL failed mapping default framebuffer, no dt
[GFX1-]: RenderCompositorSWGL failed mapping default framebuffer, no dt
[GFX1-]: RenderCompositorSWGL failed mapping default framebuffer, no dt
[GFX1-]: RenderCompositorSWGL failed mapping default framebuffer, no dt
[GFX1-]: RenderCompositorSWGL failed mapping default framebuffer, no dt
[GFX1-]: RenderCompositorSWGL failed mapping default framebuffer, no dt
[GFX1-]: RenderCompositorSWGL failed mapping default framebuffer, no dt
[GFX1-]: RenderCompositorSWGL failed mapping default framebuffer, no dt
[GFX1-]: RenderCompositorSWGL failed mapping default framebuffer, no dt
[GFX1-]: RenderCompositorSWGL failed mapping default framebuffer, no dt
[GFX1-]: RenderCompositorSWGL failed mapping default framebuffer, no dt
[GFX1-]: RenderCompositorSWGL failed mapping default framebuffer, no dt
[GFX1-]: RenderCompositorSWGL failed mapping default framebuffer, no dt
[GFX1-]: RenderCompositorSWGL failed mapping default framebuffer, no dt
[GFX1-]: RenderCompositorSWGL failed mapping default framebuffer, no dt
[GFX1-]: RenderCompositorSWGL failed mapping default framebuffer, no dt
[GFX1-]: RenderCompositorSWGL failed mapping default framebuffer, no dt
[GFX1-]: RenderCompositorSWGL failed mapping default framebuffer, no dt
[GFX1-]: RenderCompositorSWGL failed mapping default framebuffer, no dt
[GFX1-]: RenderCompositorSWGL failed mapping default framebuffer, no dt
[GFX1-]: RenderCompositorSWGL failed mapping default framebuffer, no dt
[GFX1-]: RenderCompositorSWGL failed mapping default framebuffer, no dt
[GFX1-]: RenderCompositorSWGL failed mapping default framebuffer, no dt
[GFX1-]: RenderCompositorSWGL failed mapping default framebuffer, no dt
[GFX1-]: RenderCompositorSWGL failed mapping default framebuffer, no dt
[GFX1-]: RenderCompositorSWGL failed mapping default framebuffer, no dt
[GFX1-]: RenderCompositorSWGL failed mapping default framebuffer, no dt
[GFX1-]: RenderCompositorSWGL failed mapping default framebuffer, no dt
[GFX1-]: RenderCompositorSWGL failed mapping default framebuffer, no dt
[GFX1-]: RenderCompositorSWGL failed mapping default framebuffer, no dt
[GFX1-]: RenderCompositorSWGL failed mapping default framebuffer, no dt
[GFX1-]: RenderCompositorSWGL failed mapping default framebuffer, no dt
[GFX1-]: RenderCompositorSWGL failed mapping default framebuffer, no dt
[GFX1-]: RenderCompositorSWGL failed mapping default framebuffer, no dt
1626103812783	geckodriver	INFO	Listening on 127.0.0.1:58883
1626103812786	mozrunner::runner	INFO	Running command: "/usr/bin/firefox" "--marionette" "-headless" "-foreground" "-no-remote" "-profile" "/tmp/rust_mozprofilebIWIoa"
*** You are running in headless mode.
1626103813173	Marionette	INFO	Marionette enabled
[GFX1-]: RenderCompositorSWGL failed mapping default framebuffer, no dt
[GFX1-]: RenderCompositorSWGL failed mapping default framebuffer, no dt
console.warn: SearchSettings: "get: No settings file exists, new profile?" (new NotFoundError("Could not open the file at /tmp/rust_mozprofilebIWIoa/search.json.mozlz4", (void 0)))
[GFX1-]: RenderCompositorSWGL failed mapping default framebuffer, no dt
[GFX1-]: RenderCompositorSWGL failed mapping default framebuffer, no dt
[GFX1-]: RenderCompositorSWGL failed mapping default framebuffer, no dt
[GFX1-]: RenderCompositorSWGL failed mapping default framebuffer, no dt
1626103814212	Marionette	INFO	Listening on port 46857
[GFX1-]: RenderCompositorSWGL failed mapping default framebuffer, no dt
1626103814306	Marionette	WARN	TLS certificate errors will be ignored for this session
[GFX1-]: RenderCompositorSWGL failed mapping default framebuffer, no dt
[GFX1-]: RenderCompositorSWGL failed mapping default framebuffer, no dt
[GFX1-]: RenderCompositorSWGL failed mapping default framebuffer, no dt
[GFX1-]: RenderCompositorSWGL failed mapping default framebuffer, no dt
[GFX1-]: RenderCompositorSWGL failed mapping default framebuffer, no dt
[GFX1-]: RenderCompositorSWGL failed mapping default framebuffer, no dt
[GFX1-]: RenderCompositorSWGL failed mapping default framebuffer, no dt
[GFX1-]: RenderCompositorSWGL failed mapping default framebuffer, no dt
[GFX1-]: RenderCompositorSWGL failed mapping default framebuffer, no dt
[GFX1-]: RenderCompositorSWGL failed mapping default framebuffer, no dt
[GFX1-]: RenderCompositorSWGL failed mapping default framebuffer, no dt
[GFX1-]: RenderCompositorSWGL failed mapping default framebuffer, no dt
[GFX1-]: RenderCompositorSWGL failed mapping default framebuffer, no dt
[GFX1-]: RenderCompositorSWGL failed mapping default framebuffer, no dt
[GFX1-]: RenderCompositorSWGL failed mapping default framebuffer, no dt
JavaScript error: https://www.filmaffinity.com/js/theaters-showtimes.1580721529.js, line 1: ReferenceError: $ is not defined
[GFX1-]: RenderCompositorSWGL failed mapping default framebuffer, no dt
[GFX1-]: RenderCompositorSWGL failed mapping default framebuffer, no dt
[GFX1-]: RenderCompositorSWGL failed mapping default framebuffer, no dt
[GFX1-]: RenderCompositorSWGL failed mapping default framebuffer, no dt
[GFX1-]: RenderCompositorSWGL failed mapping default framebuffer, no dt
[GFX1-]: RenderCompositorSWGL failed mapping default framebuffer, no dt
[GFX1-]: RenderCompositorSWGL failed mapping default framebuffer, no dt
[GFX1-]: RenderCompositorSWGL failed mapping default framebuffer, no dt
[GFX1-]: RenderCompositorSWGL failed mapping default framebuffer, no dt
[GFX1-]: RenderCompositorSWGL failed mapping default framebuffer, no dt
[GFX1-]: RenderCompositorSWGL failed mapping default framebuffer, no dt
[GFX1-]: RenderCompositorSWGL failed mapping default framebuffer, no dt
[GFX1-]: RenderCompositorSWGL failed mapping default framebuffer, no dt
[GFX1-]: RenderCompositorSWGL failed mapping default framebuffer, no dt
[GFX1-]: RenderCompositorSWGL failed mapping default framebuffer, no dt
[GFX1-]: RenderCompositorSWGL failed mapping default framebuffer, no dt
[GFX1-]: RenderCompositorSWGL failed mapping default framebuffer, no dt
[GFX1-]: RenderCompositorSWGL failed mapping default framebuffer, no dt
[GFX1-]: RenderCompositorSWGL failed mapping default framebuffer, no dt
[GFX1-]: RenderCompositorSWGL failed mapping default framebuffer, no dt
[GFX1-]: RenderCompositorSWGL failed mapping default framebuffer, no dt
[GFX1-]: RenderCompositorSWGL failed mapping default framebuffer, no dt
[GFX1-]: RenderCompositorSWGL failed mapping default framebuffer, no dt
[GFX1-]: RenderCompositorSWGL failed mapping default framebuffer, no dt
[GFX1-]: RenderCompositorSWGL failed mapping default framebuffer, no dt
[GFX1-]: RenderCompositorSWGL failed mapping default framebuffer, no dt
[GFX1-]: RenderCompositorSWGL failed mapping default framebuffer, no dt
[GFX1-]: RenderCompositorSWGL failed mapping default framebuffer, no dt
[GFX1-]: RenderCompositorSWGL failed mapping default framebuffer, no dt
[GFX1-]: RenderCompositorSWGL failed mapping default framebuffer, no dt
[GFX1-]: RenderCompositorSWGL failed mapping default framebuffer, no dt
[GFX1-]: RenderCompositorSWGL failed mapping default framebuffer, no dt
[GFX1-]: RenderCompositorSWGL failed mapping default framebuffer, no dt
[GFX1-]: RenderCompositorSWGL failed mapping default framebuffer, no dt
[GFX1-]: RenderCompositorSWGL failed mapping default framebuffer, no dt
[GFX1-]: RenderCompositorSWGL failed mapping default framebuffer, no dt
[GFX1-]: RenderCompositorSWGL failed mapping default framebuffer, no dt
[GFX1-]: RenderCompositorSWGL failed mapping default framebuffer, no dt
[GFX1-]: RenderCompositorSWGL failed mapping default framebuffer, no dt
[GFX1-]: RenderCompositorSWGL failed mapping default framebuffer, no dt
[GFX1-]: RenderCompositorSWGL failed mapping default framebuffer, no dt
[GFX1-]: RenderCompositorSWGL failed mapping default framebuffer, no dt
[GFX1-]: RenderCompositorSWGL failed mapping default framebuffer, no dt
[GFX1-]: RenderCompositorSWGL failed mapping default framebuffer, no dt
[GFX1-]: RenderCompositorSWGL failed mapping default framebuffer, no dt
[GFX1-]: RenderCompositorSWGL failed mapping default framebuffer, no dt
[GFX1-]: RenderCompositorSWGL failed mapping default framebuffer, no dt
[GFX1-]: RenderCompositorSWGL failed mapping default framebuffer, no dt
[GFX1-]: RenderCompositorSWGL failed mapping default framebuffer, no dt
[GFX1-]: RenderCompositorSWGL failed mapping default framebuffer, no dt
[GFX1-]: RenderCompositorSWGL failed mapping default framebuffer, no dt
[GFX1-]: RenderCompositorSWGL failed mapping default framebuffer, no dt
[GFX1-]: RenderCompositorSWGL failed mapping default framebuffer, no dt
[GFX1-]: RenderCompositorSWGL failed mapping default framebuffer, no dt
[GFX1-]: RenderCompositorSWGL failed mapping default framebuffer, no dt
[GFX1-]: RenderCompositorSWGL failed mapping default framebuffer, no dt
[GFX1-]: RenderCompositorSWGL failed mapping default framebuffer, no dt
[GFX1-]: RenderCompositorSWGL failed mapping default framebuffer, no dt
[GFX1-]: RenderCompositorSWGL failed mapping default framebuffer, no dt
[GFX1-]: RenderCompositorSWGL failed mapping default framebuffer, no dt
[GFX1-]: RenderCompositorSWGL failed mapping default framebuffer, no dt
[GFX1-]: RenderCompositorSWGL failed mapping default framebuffer, no dt
[GFX1-]: RenderCompositorSWGL failed mapping default framebuffer, no dt
[GFX1-]: RenderCompositorSWGL failed mapping default framebuffer, no dt
[GFX1-]: RenderCompositorSWGL failed mapping default framebuffer, no dt
[GFX1-]: RenderCompositorSWGL failed mapping default framebuffer, no dt
[GFX1-]: RenderCompositorSWGL failed mapping default framebuffer, no dt
[GFX1-]: RenderCompositorSWGL failed mapping default framebuffer, no dt
[GFX1-]: RenderCompositorSWGL failed mapping default framebuffer, no dt
[GFX1-]: RenderCompositorSWGL failed mapping default framebuffer, no dt
[GFX1-]: RenderCompositorSWGL failed mapping default framebuffer, no dt
[GFX1-]: RenderCompositorSWGL failed mapping default framebuffer, no dt
[GFX1-]: RenderCompositorSWGL failed mapping default framebuffer, no dt
[GFX1-]: RenderCompositorSWGL failed mapping default framebuffer, no dt
[GFX1-]: RenderCompositorSWGL failed mapping default framebuffer, no dt
[GFX1-]: RenderCompositorSWGL failed mapping default framebuffer, no dt
[GFX1-]: RenderCompositorSWGL failed mapping default framebuffer, no dt
[GFX1-]: RenderCompositorSWGL failed mapping default framebuffer, no dt
[GFX1-]: RenderCompositorSWGL failed mapping default framebuffer, no dt
[GFX1-]: RenderCompositorSWGL failed mapping default framebuffer, no dt
[GFX1-]: RenderCompositorSWGL failed mapping default framebuffer, no dt
[GFX1-]: RenderCompositorSWGL failed mapping default framebuffer, no dt
[GFX1-]: RenderCompositorSWGL failed mapping default framebuffer, no dt
[GFX1-]: RenderCompositorSWGL failed mapping default framebuffer, no dt
[GFX1-]: RenderCompositorSWGL failed mapping default framebuffer, no dt
[GFX1-]: RenderCompositorSWGL failed mapping default framebuffer, no dt
[GFX1-]: RenderCompositorSWGL failed mapping default framebuffer, no dt
[GFX1-]: RenderCompositorSWGL failed mapping default framebuffer, no dt
[GFX1-]: RenderCompositorSWGL failed mapping default framebuffer, no dt
[GFX1-]: RenderCompositorSWGL failed mapping default framebuffer, no dt
[GFX1-]: RenderCompositorSWGL failed mapping default framebuffer, no dt
[GFX1-]: RenderCompositorSWGL failed mapping default framebuffer, no dt
[GFX1-]: RenderCompositorSWGL failed mapping default framebuffer, no dt
[GFX1-]: RenderCompositorSWGL failed mapping default framebuffer, no dt
[GFX1-]: RenderCompositorSWGL failed mapping default framebuffer, no dt
[GFX1-]: RenderCompositorSWGL failed mapping default framebuffer, no dt
[GFX1-]: RenderCompositorSWGL failed mapping default framebuffer, no dt
[GFX1-]: RenderCompositorSWGL failed mapping default framebuffer, no dt
[GFX1-]: RenderCompositorSWGL failed mapping default framebuffer, no dt
[GFX1-]: RenderCompositorSWGL failed mapping default framebuffer, no dt
[GFX1-]: RenderCompositorSWGL failed mapping default framebuffer, no dt
[GFX1-]: RenderCompositorSWGL failed mapping default framebuffer, no dt
[GFX1-]: RenderCompositorSWGL failed mapping default framebuffer, no dt
[GFX1-]: RenderCompositorSWGL failed mapping default framebuffer, no dt
[GFX1-]: RenderCompositorSWGL failed mapping default framebuffer, no dt
[GFX1-]: RenderCompositorSWGL failed mapping default framebuffer, no dt
[GFX1-]: RenderCompositorSWGL failed mapping default framebuffer, no dt
[GFX1-]: RenderCompositorSWGL failed mapping default framebuffer, no dt
[GFX1-]: RenderCompositorSWGL failed mapping default framebuffer, no dt
[GFX1-]: RenderCompositorSWGL failed mapping default framebuffer, no dt
[GFX1-]: RenderCompositorSWGL failed mapping default framebuffer, no dt
[GFX1-]: RenderCompositorSWGL failed mapping default framebuffer, no dt
[GFX1-]: RenderCompositorSWGL failed mapping default framebuffer, no dt
[GFX1-]: RenderCompositorSWGL failed mapping default framebuffer, no dt
[GFX1-]: RenderCompositorSWGL failed mapping default framebuffer, no dt
[GFX1-]: RenderCompositorSWGL failed mapping default framebuffer, no dt
[GFX1-]: RenderCompositorSWGL failed mapping default framebuffer, no dt
[GFX1-]: RenderCompositorSWGL failed mapping default framebuffer, no dt
[GFX1-]: RenderCompositorSWGL failed mapping default framebuffer, no dt
[GFX1-]: RenderCompositorSWGL failed mapping default framebuffer, no dt
[GFX1-]: RenderCompositorSWGL failed mapping default framebuffer, no dt
[GFX1-]: RenderCompositorSWGL failed mapping default framebuffer, no dt
[GFX1-]: RenderCompositorSWGL failed mapping default framebuffer, no dt
[GFX1-]: RenderCompositorSWGL failed mapping default framebuffer, no dt
[GFX1-]: RenderCompositorSWGL failed mapping default framebuffer, no dt
[GFX1-]: RenderCompositorSWGL failed mapping default framebuffer, no dt
[GFX1-]: RenderCompositorSWGL failed mapping default framebuffer, no dt
[GFX1-]: RenderCompositorSWGL failed mapping default framebuffer, no dt
[GFX1-]: RenderCompositorSWGL failed mapping default framebuffer, no dt
[GFX1-]: RenderCompositorSWGL failed mapping default framebuffer, no dt
[GFX1-]: RenderCompositorSWGL failed mapping default framebuffer, no dt
[GFX1-]: RenderCompositorSWGL failed mapping default framebuffer, no dt
[GFX1-]: RenderCompositorSWGL failed mapping default framebuffer, no dt
[GFX1-]: RenderCompositorSWGL failed mapping default framebuffer, no dt
[GFX1-]: RenderCompositorSWGL failed mapping default framebuffer, no dt
[GFX1-]: RenderCompositorSWGL failed mapping default framebuffer, no dt
[GFX1-]: RenderCompositorSWGL failed mapping default framebuffer, no dt
[GFX1-]: RenderCompositorSWGL failed mapping default framebuffer, no dt
[GFX1-]: RenderCompositorSWGL failed mapping default framebuffer, no dt
[GFX1-]: RenderCompositorSWGL failed mapping default framebuffer, no dt
[GFX1-]: RenderCompositorSWGL failed mapping default framebuffer, no dt
[GFX1-]: RenderCompositorSWGL failed mapping default framebuffer, no dt
[GFX1-]: RenderCompositorSWGL failed mapping default framebuffer, no dt
[GFX1-]: RenderCompositorSWGL failed mapping default framebuffer, no dt
[GFX1-]: RenderCompositorSWGL failed mapping default framebuffer, no dt
[GFX1-]: RenderCompositorSWGL failed mapping default framebuffer, no dt
[GFX1-]: RenderCompositorSWGL failed mapping default framebuffer, no dt
[GFX1-]: RenderCompositorSWGL failed mapping default framebuffer, no dt
[GFX1-]: RenderCompositorSWGL failed mapping default framebuffer, no dt
[GFX1-]: RenderCompositorSWGL failed mapping default framebuffer, no dt
[GFX1-]: RenderCompositorSWGL failed mapping default framebuffer, no dt
[GFX1-]: RenderCompositorSWGL failed mapping default framebuffer, no dt
[GFX1-]: RenderCompositorSWGL failed mapping default framebuffer, no dt
[GFX1-]: RenderCompositorSWGL failed mapping default framebuffer, no dt
[GFX1-]: RenderCompositorSWGL failed mapping default framebuffer, no dt
[GFX1-]: RenderCompositorSWGL failed mapping default framebuffer, no dt
[GFX1-]: RenderCompositorSWGL failed mapping default framebuffer, no dt
[GFX1-]: RenderCompositorSWGL failed mapping default framebuffer, no dt
[GFX1-]: RenderCompositorSWGL failed mapping default framebuffer, no dt
[GFX1-]: RenderCompositorSWGL failed mapping default framebuffer, no dt
[GFX1-]: RenderCompositorSWGL failed mapping default framebuffer, no dt
1626103832180	geckodriver	INFO	Listening on 127.0.0.1:58951
1626103832183	mozrunner::runner	INFO	Running command: "/usr/bin/firefox" "--marionette" "-headless" "-foreground" "-no-remote" "-profile" "/tmp/rust_mozprofileeE7lqw"
*** You are running in headless mode.
1626103832609	Marionette	INFO	Marionette enabled
[GFX1-]: RenderCompositorSWGL failed mapping default framebuffer, no dt
console.warn: SearchSettings: "get: No settings file exists, new profile?" (new NotFoundError("Could not open the file at /tmp/rust_mozprofileeE7lqw/search.json.mozlz4", (void 0)))
[GFX1-]: RenderCompositorSWGL failed mapping default framebuffer, no dt
[GFX1-]: RenderCompositorSWGL failed mapping default framebuffer, no dt
[GFX1-]: RenderCompositorSWGL failed mapping default framebuffer, no dt
1626103833603	Marionette	INFO	Listening on port 40233
[GFX1-]: RenderCompositorSWGL failed mapping default framebuffer, no dt
1626103833725	Marionette	WARN	TLS certificate errors will be ignored for this session
[GFX1-]: RenderCompositorSWGL failed mapping default framebuffer, no dt
[GFX1-]: RenderCompositorSWGL failed mapping default framebuffer, no dt
[GFX1-]: RenderCompositorSWGL failed mapping default framebuffer, no dt
[GFX1-]: RenderCompositorSWGL failed mapping default framebuffer, no dt
[GFX1-]: RenderCompositorSWGL failed mapping default framebuffer, no dt
[GFX1-]: RenderCompositorSWGL failed mapping default framebuffer, no dt
[GFX1-]: RenderCompositorSWGL failed mapping default framebuffer, no dt
[GFX1-]: RenderCompositorSWGL failed mapping default framebuffer, no dt
[GFX1-]: RenderCompositorSWGL failed mapping default framebuffer, no dt
[GFX1-]: RenderCompositorSWGL failed mapping default framebuffer, no dt
[GFX1-]: RenderCompositorSWGL failed mapping default framebuffer, no dt
[GFX1-]: RenderCompositorSWGL failed mapping default framebuffer, no dt
[GFX1-]: RenderCompositorSWGL failed mapping default framebuffer, no dt
[GFX1-]: RenderCompositorSWGL failed mapping default framebuffer, no dt
[GFX1-]: RenderCompositorSWGL failed mapping default framebuffer, no dt
JavaScript error: https://www.filmaffinity.com/js/theaters-showtimes.1580721529.js, line 1: ReferenceError: $ is not defined
[GFX1-]: RenderCompositorSWGL failed mapping default framebuffer, no dt
[GFX1-]: RenderCompositorSWGL failed mapping default framebuffer, no dt
[GFX1-]: RenderCompositorSWGL failed mapping default framebuffer, no dt
[GFX1-]: RenderCompositorSWGL failed mapping default framebuffer, no dt
[GFX1-]: RenderCompositorSWGL failed mapping default framebuffer, no dt
[GFX1-]: RenderCompositorSWGL failed mapping default framebuffer, no dt
[GFX1-]: RenderCompositorSWGL failed mapping default framebuffer, no dt
[GFX1-]: RenderCompositorSWGL failed mapping default framebuffer, no dt
[GFX1-]: RenderCompositorSWGL failed mapping default framebuffer, no dt
[GFX1-]: RenderCompositorSWGL failed mapping default framebuffer, no dt
[GFX1-]: RenderCompositorSWGL failed mapping default framebuffer, no dt
[GFX1-]: RenderCompositorSWGL failed mapping default framebuffer, no dt
[GFX1-]: RenderCompositorSWGL failed mapping default framebuffer, no dt
[GFX1-]: RenderCompositorSWGL failed mapping default framebuffer, no dt
[GFX1-]: RenderCompositorSWGL failed mapping default framebuffer, no dt
[GFX1-]: RenderCompositorSWGL failed mapping default framebuffer, no dt
[GFX1-]: RenderCompositorSWGL failed mapping default framebuffer, no dt
[GFX1-]: RenderCompositorSWGL failed mapping default framebuffer, no dt
[GFX1-]: RenderCompositorSWGL failed mapping default framebuffer, no dt
[GFX1-]: RenderCompositorSWGL failed mapping default framebuffer, no dt
[GFX1-]: RenderCompositorSWGL failed mapping default framebuffer, no dt
[GFX1-]: RenderCompositorSWGL failed mapping default framebuffer, no dt
[GFX1-]: RenderCompositorSWGL failed mapping default framebuffer, no dt
[GFX1-]: RenderCompositorSWGL failed mapping default framebuffer, no dt
[GFX1-]: RenderCompositorSWGL failed mapping default framebuffer, no dt
[GFX1-]: RenderCompositorSWGL failed mapping default framebuffer, no dt
[GFX1-]: RenderCompositorSWGL failed mapping default framebuffer, no dt
[GFX1-]: RenderCompositorSWGL failed mapping default framebuffer, no dt
[GFX1-]: RenderCompositorSWGL failed mapping default framebuffer, no dt
[GFX1-]: RenderCompositorSWGL failed mapping default framebuffer, no dt
[GFX1-]: RenderCompositorSWGL failed mapping default framebuffer, no dt
[GFX1-]: RenderCompositorSWGL failed mapping default framebuffer, no dt
[GFX1-]: RenderCompositorSWGL failed mapping default framebuffer, no dt
[GFX1-]: RenderCompositorSWGL failed mapping default framebuffer, no dt
[GFX1-]: RenderCompositorSWGL failed mapping default framebuffer, no dt
[GFX1-]: RenderCompositorSWGL failed mapping default framebuffer, no dt
[GFX1-]: RenderCompositorSWGL failed mapping default framebuffer, no dt
[GFX1-]: RenderCompositorSWGL failed mapping default framebuffer, no dt
[GFX1-]: RenderCompositorSWGL failed mapping default framebuffer, no dt
[GFX1-]: RenderCompositorSWGL failed mapping default framebuffer, no dt
[GFX1-]: RenderCompositorSWGL failed mapping default framebuffer, no dt
[GFX1-]: RenderCompositorSWGL failed mapping default framebuffer, no dt
[GFX1-]: RenderCompositorSWGL failed mapping default framebuffer, no dt
[GFX1-]: RenderCompositorSWGL failed mapping default framebuffer, no dt
[GFX1-]: RenderCompositorSWGL failed mapping default framebuffer, no dt
[GFX1-]: RenderCompositorSWGL failed mapping default framebuffer, no dt
[GFX1-]: RenderCompositorSWGL failed mapping default framebuffer, no dt
[GFX1-]: RenderCompositorSWGL failed mapping default framebuffer, no dt
[GFX1-]: RenderCompositorSWGL failed mapping default framebuffer, no dt
[GFX1-]: RenderCompositorSWGL failed mapping default framebuffer, no dt
[GFX1-]: RenderCompositorSWGL failed mapping default framebuffer, no dt
[GFX1-]: RenderCompositorSWGL failed mapping default framebuffer, no dt
[GFX1-]: RenderCompositorSWGL failed mapping default framebuffer, no dt
[GFX1-]: RenderCompositorSWGL failed mapping default framebuffer, no dt
[GFX1-]: RenderCompositorSWGL failed mapping default framebuffer, no dt
[GFX1-]: RenderCompositorSWGL failed mapping default framebuffer, no dt
[GFX1-]: RenderCompositorSWGL failed mapping default framebuffer, no dt
[GFX1-]: RenderCompositorSWGL failed mapping default framebuffer, no dt
[GFX1-]: RenderCompositorSWGL failed mapping default framebuffer, no dt
[GFX1-]: RenderCompositorSWGL failed mapping default framebuffer, no dt
[GFX1-]: RenderCompositorSWGL failed mapping default framebuffer, no dt
[GFX1-]: RenderCompositorSWGL failed mapping default framebuffer, no dt
[GFX1-]: RenderCompositorSWGL failed mapping default framebuffer, no dt
[GFX1-]: RenderCompositorSWGL failed mapping default framebuffer, no dt
[GFX1-]: RenderCompositorSWGL failed mapping default framebuffer, no dt
[GFX1-]: RenderCompositorSWGL failed mapping default framebuffer, no dt
[GFX1-]: RenderCompositorSWGL failed mapping default framebuffer, no dt
[GFX1-]: RenderCompositorSWGL failed mapping default framebuffer, no dt
[GFX1-]: RenderCompositorSWGL failed mapping default framebuffer, no dt
[GFX1-]: RenderCompositorSWGL failed mapping default framebuffer, no dt
[GFX1-]: RenderCompositorSWGL failed mapping default framebuffer, no dt
[GFX1-]: RenderCompositorSWGL failed mapping default framebuffer, no dt
[GFX1-]: RenderCompositorSWGL failed mapping default framebuffer, no dt
[GFX1-]: RenderCompositorSWGL failed mapping default framebuffer, no dt
[GFX1-]: RenderCompositorSWGL failed mapping default framebuffer, no dt
[GFX1-]: RenderCompositorSWGL failed mapping default framebuffer, no dt
[GFX1-]: RenderCompositorSWGL failed mapping default framebuffer, no dt
[GFX1-]: RenderCompositorSWGL failed mapping default framebuffer, no dt
[GFX1-]: RenderCompositorSWGL failed mapping default framebuffer, no dt
[GFX1-]: RenderCompositorSWGL failed mapping default framebuffer, no dt
[GFX1-]: RenderCompositorSWGL failed mapping default framebuffer, no dt
[GFX1-]: RenderCompositorSWGL failed mapping default framebuffer, no dt
[GFX1-]: RenderCompositorSWGL failed mapping default framebuffer, no dt
[GFX1-]: RenderCompositorSWGL failed mapping default framebuffer, no dt
[GFX1-]: RenderCompositorSWGL failed mapping default framebuffer, no dt
[GFX1-]: RenderCompositorSWGL failed mapping default framebuffer, no dt
[GFX1-]: RenderCompositorSWGL failed mapping default framebuffer, no dt
[GFX1-]: RenderCompositorSWGL failed mapping default framebuffer, no dt
[GFX1-]: RenderCompositorSWGL failed mapping default framebuffer, no dt
[GFX1-]: RenderCompositorSWGL failed mapping default framebuffer, no dt
[GFX1-]: RenderCompositorSWGL failed mapping default framebuffer, no dt
[GFX1-]: RenderCompositorSWGL failed mapping default framebuffer, no dt
[GFX1-]: RenderCompositorSWGL failed mapping default framebuffer, no dt
[GFX1-]: RenderCompositorSWGL failed mapping default framebuffer, no dt
[GFX1-]: RenderCompositorSWGL failed mapping default framebuffer, no dt
[GFX1-]: RenderCompositorSWGL failed mapping default framebuffer, no dt
[GFX1-]: RenderCompositorSWGL failed mapping default framebuffer, no dt
[GFX1-]: RenderCompositorSWGL failed mapping default framebuffer, no dt
[GFX1-]: RenderCompositorSWGL failed mapping default framebuffer, no dt
[GFX1-]: RenderCompositorSWGL failed mapping default framebuffer, no dt
[GFX1-]: RenderCompositorSWGL failed mapping default framebuffer, no dt
[GFX1-]: RenderCompositorSWGL failed mapping default framebuffer, no dt
[GFX1-]: RenderCompositorSWGL failed mapping default framebuffer, no dt
[GFX1-]: RenderCompositorSWGL failed mapping default framebuffer, no dt
[GFX1-]: RenderCompositorSWGL failed mapping default framebuffer, no dt
[GFX1-]: RenderCompositorSWGL failed mapping default framebuffer, no dt
[GFX1-]: RenderCompositorSWGL failed mapping default framebuffer, no dt
[GFX1-]: RenderCompositorSWGL failed mapping default framebuffer, no dt
[GFX1-]: RenderCompositorSWGL failed mapping default framebuffer, no dt
[GFX1-]: RenderCompositorSWGL failed mapping default framebuffer, no dt
[GFX1-]: RenderCompositorSWGL failed mapping default framebuffer, no dt
[GFX1-]: RenderCompositorSWGL failed mapping default framebuffer, no dt
[GFX1-]: RenderCompositorSWGL failed mapping default framebuffer, no dt
[GFX1-]: RenderCompositorSWGL failed mapping default framebuffer, no dt
[GFX1-]: RenderCompositorSWGL failed mapping default framebuffer, no dt
[GFX1-]: RenderCompositorSWGL failed mapping default framebuffer, no dt
[GFX1-]: RenderCompositorSWGL failed mapping default framebuffer, no dt
[GFX1-]: RenderCompositorSWGL failed mapping default framebuffer, no dt
[GFX1-]: RenderCompositorSWGL failed mapping default framebuffer, no dt
[GFX1-]: RenderCompositorSWGL failed mapping default framebuffer, no dt
[GFX1-]: RenderCompositorSWGL failed mapping default framebuffer, no dt
[GFX1-]: RenderCompositorSWGL failed mapping default framebuffer, no dt
[GFX1-]: RenderCompositorSWGL failed mapping default framebuffer, no dt
[GFX1-]: RenderCompositorSWGL failed mapping default framebuffer, no dt
[GFX1-]: RenderCompositorSWGL failed mapping default framebuffer, no dt
[GFX1-]: RenderCompositorSWGL failed mapping default framebuffer, no dt
[GFX1-]: RenderCompositorSWGL failed mapping default framebuffer, no dt
[GFX1-]: RenderCompositorSWGL failed mapping default framebuffer, no dt
[GFX1-]: RenderCompositorSWGL failed mapping default framebuffer, no dt
[GFX1-]: RenderCompositorSWGL failed mapping default framebuffer, no dt
[GFX1-]: RenderCompositorSWGL failed mapping default framebuffer, no dt
[GFX1-]: RenderCompositorSWGL failed mapping default framebuffer, no dt
[GFX1-]: RenderCompositorSWGL failed mapping default framebuffer, no dt
[GFX1-]: RenderCompositorSWGL failed mapping default framebuffer, no dt
[GFX1-]: RenderCompositorSWGL failed mapping default framebuffer, no dt
[GFX1-]: RenderCompositorSWGL failed mapping default framebuffer, no dt
[GFX1-]: RenderCompositorSWGL failed mapping default framebuffer, no dt
[GFX1-]: RenderCompositorSWGL failed mapping default framebuffer, no dt
[GFX1-]: RenderCompositorSWGL failed mapping default framebuffer, no dt
[GFX1-]: RenderCompositorSWGL failed mapping default framebuffer, no dt
[GFX1-]: RenderCompositorSWGL failed mapping default framebuffer, no dt
[GFX1-]: RenderCompositorSWGL failed mapping default framebuffer, no dt
[GFX1-]: RenderCompositorSWGL failed mapping default framebuffer, no dt
[GFX1-]: RenderCompositorSWGL failed mapping default framebuffer, no dt
[GFX1-]: RenderCompositorSWGL failed mapping default framebuffer, no dt
[GFX1-]: RenderCompositorSWGL failed mapping default framebuffer, no dt
[GFX1-]: RenderCompositorSWGL failed mapping default framebuffer, no dt
[GFX1-]: RenderCompositorSWGL failed mapping default framebuffer, no dt
[GFX1-]: RenderCompositorSWGL failed mapping default framebuffer, no dt
[GFX1-]: RenderCompositorSWGL failed mapping default framebuffer, no dt
[GFX1-]: RenderCompositorSWGL failed mapping default framebuffer, no dt
[GFX1-]: RenderCompositorSWGL failed mapping default framebuffer, no dt
[GFX1-]: RenderCompositorSWGL failed mapping default framebuffer, no dt
[GFX1-]: RenderCompositorSWGL failed mapping default framebuffer, no dt
[GFX1-]: RenderCompositorSWGL failed mapping default framebuffer, no dt
[GFX1-]: RenderCompositorSWGL failed mapping default framebuffer, no dt
1626103866142	geckodriver	INFO	Listening on 127.0.0.1:58549
1626103866144	mozrunner::runner	INFO	Running command: "/usr/bin/firefox" "--marionette" "-headless" "-foreground" "-no-remote" "-profile" "/tmp/rust_mozprofilelqHfKu"
*** You are running in headless mode.
1626103866563	Marionette	INFO	Marionette enabled
[GFX1-]: RenderCompositorSWGL failed mapping default framebuffer, no dt
[GFX1-]: RenderCompositorSWGL failed mapping default framebuffer, no dt
[GFX1-]: RenderCompositorSWGL failed mapping default framebuffer, no dt
console.warn: SearchSettings: "get: No settings file exists, new profile?" (new NotFoundError("Could not open the file at /tmp/rust_mozprofilelqHfKu/search.json.mozlz4", (void 0)))
[GFX1-]: RenderCompositorSWGL failed mapping default framebuffer, no dt
[GFX1-]: RenderCompositorSWGL failed mapping default framebuffer, no dt
[GFX1-]: RenderCompositorSWGL failed mapping default framebuffer, no dt
1626103867533	Marionette	INFO	Listening on port 39125
[GFX1-]: RenderCompositorSWGL failed mapping default framebuffer, no dt
1626103867558	Marionette	WARN	TLS certificate errors will be ignored for this session
[GFX1-]: RenderCompositorSWGL failed mapping default framebuffer, no dt
[GFX1-]: RenderCompositorSWGL failed mapping default framebuffer, no dt
[GFX1-]: RenderCompositorSWGL failed mapping default framebuffer, no dt
[GFX1-]: RenderCompositorSWGL failed mapping default framebuffer, no dt
[GFX1-]: RenderCompositorSWGL failed mapping default framebuffer, no dt
[GFX1-]: RenderCompositorSWGL failed mapping default framebuffer, no dt
[GFX1-]: RenderCompositorSWGL failed mapping default framebuffer, no dt
[GFX1-]: RenderCompositorSWGL failed mapping default framebuffer, no dt
[GFX1-]: RenderCompositorSWGL failed mapping default framebuffer, no dt
[GFX1-]: RenderCompositorSWGL failed mapping default framebuffer, no dt
[GFX1-]: RenderCompositorSWGL failed mapping default framebuffer, no dt
[GFX1-]: RenderCompositorSWGL failed mapping default framebuffer, no dt
[GFX1-]: RenderCompositorSWGL failed mapping default framebuffer, no dt
JavaScript error: https://www.filmaffinity.com/js/theaters-showtimes.1580721529.js, line 1: ReferenceError: $ is not defined
[GFX1-]: RenderCompositorSWGL failed mapping default framebuffer, no dt
[GFX1-]: RenderCompositorSWGL failed mapping default framebuffer, no dt
[GFX1-]: RenderCompositorSWGL failed mapping default framebuffer, no dt
[GFX1-]: RenderCompositorSWGL failed mapping default framebuffer, no dt
[GFX1-]: RenderCompositorSWGL failed mapping default framebuffer, no dt
[GFX1-]: RenderCompositorSWGL failed mapping default framebuffer, no dt
[GFX1-]: RenderCompositorSWGL failed mapping default framebuffer, no dt
[GFX1-]: RenderCompositorSWGL failed mapping default framebuffer, no dt
[GFX1-]: RenderCompositorSWGL failed mapping default framebuffer, no dt
[GFX1-]: RenderCompositorSWGL failed mapping default framebuffer, no dt
[GFX1-]: RenderCompositorSWGL failed mapping default framebuffer, no dt
[GFX1-]: RenderCompositorSWGL failed mapping default framebuffer, no dt
[GFX1-]: RenderCompositorSWGL failed mapping default framebuffer, no dt
[GFX1-]: RenderCompositorSWGL failed mapping default framebuffer, no dt
[GFX1-]: RenderCompositorSWGL failed mapping default framebuffer, no dt
[GFX1-]: RenderCompositorSWGL failed mapping default framebuffer, no dt
[GFX1-]: RenderCompositorSWGL failed mapping default framebuffer, no dt
[GFX1-]: RenderCompositorSWGL failed mapping default framebuffer, no dt
[GFX1-]: RenderCompositorSWGL failed mapping default framebuffer, no dt
[GFX1-]: RenderCompositorSWGL failed mapping default framebuffer, no dt
[GFX1-]: RenderCompositorSWGL failed mapping default framebuffer, no dt
[GFX1-]: RenderCompositorSWGL failed mapping default framebuffer, no dt
[GFX1-]: RenderCompositorSWGL failed mapping default framebuffer, no dt
[GFX1-]: RenderCompositorSWGL failed mapping default framebuffer, no dt
[GFX1-]: RenderCompositorSWGL failed mapping default framebuffer, no dt
[GFX1-]: RenderCompositorSWGL failed mapping default framebuffer, no dt
[GFX1-]: RenderCompositorSWGL failed mapping default framebuffer, no dt
[GFX1-]: RenderCompositorSWGL failed mapping default framebuffer, no dt
[GFX1-]: RenderCompositorSWGL failed mapping default framebuffer, no dt
[GFX1-]: RenderCompositorSWGL failed mapping default framebuffer, no dt
[GFX1-]: RenderCompositorSWGL failed mapping default framebuffer, no dt
[GFX1-]: RenderCompositorSWGL failed mapping default framebuffer, no dt
[GFX1-]: RenderCompositorSWGL failed mapping default framebuffer, no dt
[GFX1-]: RenderCompositorSWGL failed mapping default framebuffer, no dt
[GFX1-]: RenderCompositorSWGL failed mapping default framebuffer, no dt
[GFX1-]: RenderCompositorSWGL failed mapping default framebuffer, no dt
[GFX1-]: RenderCompositorSWGL failed mapping default framebuffer, no dt
[GFX1-]: RenderCompositorSWGL failed mapping default framebuffer, no dt
[GFX1-]: RenderCompositorSWGL failed mapping default framebuffer, no dt
[GFX1-]: RenderCompositorSWGL failed mapping default framebuffer, no dt
[GFX1-]: RenderCompositorSWGL failed mapping default framebuffer, no dt
[GFX1-]: RenderCompositorSWGL failed mapping default framebuffer, no dt
[GFX1-]: RenderCompositorSWGL failed mapping default framebuffer, no dt
[GFX1-]: RenderCompositorSWGL failed mapping default framebuffer, no dt
[GFX1-]: RenderCompositorSWGL failed mapping default framebuffer, no dt
[GFX1-]: RenderCompositorSWGL failed mapping default framebuffer, no dt
[GFX1-]: RenderCompositorSWGL failed mapping default framebuffer, no dt
[GFX1-]: RenderCompositorSWGL failed mapping default framebuffer, no dt
[GFX1-]: RenderCompositorSWGL failed mapping default framebuffer, no dt
[GFX1-]: RenderCompositorSWGL failed mapping default framebuffer, no dt
[GFX1-]: RenderCompositorSWGL failed mapping default framebuffer, no dt
[GFX1-]: RenderCompositorSWGL failed mapping default framebuffer, no dt
[GFX1-]: RenderCompositorSWGL failed mapping default framebuffer, no dt
[GFX1-]: RenderCompositorSWGL failed mapping default framebuffer, no dt
[GFX1-]: RenderCompositorSWGL failed mapping default framebuffer, no dt
[GFX1-]: RenderCompositorSWGL failed mapping default framebuffer, no dt
[GFX1-]: RenderCompositorSWGL failed mapping default framebuffer, no dt
[GFX1-]: RenderCompositorSWGL failed mapping default framebuffer, no dt
[GFX1-]: RenderCompositorSWGL failed mapping default framebuffer, no dt
[GFX1-]: RenderCompositorSWGL failed mapping default framebuffer, no dt
[GFX1-]: RenderCompositorSWGL failed mapping default framebuffer, no dt
[GFX1-]: RenderCompositorSWGL failed mapping default framebuffer, no dt
[GFX1-]: RenderCompositorSWGL failed mapping default framebuffer, no dt
[GFX1-]: RenderCompositorSWGL failed mapping default framebuffer, no dt
[GFX1-]: RenderCompositorSWGL failed mapping default framebuffer, no dt
[GFX1-]: RenderCompositorSWGL failed mapping default framebuffer, no dt
[GFX1-]: RenderCompositorSWGL failed mapping default framebuffer, no dt
[GFX1-]: RenderCompositorSWGL failed mapping default framebuffer, no dt
[GFX1-]: RenderCompositorSWGL failed mapping default framebuffer, no dt
[GFX1-]: RenderCompositorSWGL failed mapping default framebuffer, no dt
[GFX1-]: RenderCompositorSWGL failed mapping default framebuffer, no dt
[GFX1-]: RenderCompositorSWGL failed mapping default framebuffer, no dt
[GFX1-]: RenderCompositorSWGL failed mapping default framebuffer, no dt
[GFX1-]: RenderCompositorSWGL failed mapping default framebuffer, no dt
[GFX1-]: RenderCompositorSWGL failed mapping default framebuffer, no dt
[GFX1-]: RenderCompositorSWGL failed mapping default framebuffer, no dt
[GFX1-]: RenderCompositorSWGL failed mapping default framebuffer, no dt
[GFX1-]: RenderCompositorSWGL failed mapping default framebuffer, no dt
[GFX1-]: RenderCompositorSWGL failed mapping default framebuffer, no dt
[GFX1-]: RenderCompositorSWGL failed mapping default framebuffer, no dt
[GFX1-]: RenderCompositorSWGL failed mapping default framebuffer, no dt
[GFX1-]: RenderCompositorSWGL failed mapping default framebuffer, no dt
[GFX1-]: RenderCompositorSWGL failed mapping default framebuffer, no dt
[GFX1-]: RenderCompositorSWGL failed mapping default framebuffer, no dt
[GFX1-]: RenderCompositorSWGL failed mapping default framebuffer, no dt
[GFX1-]: RenderCompositorSWGL failed mapping default framebuffer, no dt
[GFX1-]: RenderCompositorSWGL failed mapping default framebuffer, no dt
[GFX1-]: RenderCompositorSWGL failed mapping default framebuffer, no dt
[GFX1-]: RenderCompositorSWGL failed mapping default framebuffer, no dt
[GFX1-]: RenderCompositorSWGL failed mapping default framebuffer, no dt
[GFX1-]: RenderCompositorSWGL failed mapping default framebuffer, no dt
[GFX1-]: RenderCompositorSWGL failed mapping default framebuffer, no dt
[GFX1-]: RenderCompositorSWGL failed mapping default framebuffer, no dt
[GFX1-]: RenderCompositorSWGL failed mapping default framebuffer, no dt
[GFX1-]: RenderCompositorSWGL failed mapping default framebuffer, no dt
[GFX1-]: RenderCompositorSWGL failed mapping default framebuffer, no dt
[GFX1-]: RenderCompositorSWGL failed mapping default framebuffer, no dt
[GFX1-]: RenderCompositorSWGL failed mapping default framebuffer, no dt
[GFX1-]: RenderCompositorSWGL failed mapping default framebuffer, no dt
[GFX1-]: RenderCompositorSWGL failed mapping default framebuffer, no dt
[GFX1-]: RenderCompositorSWGL failed mapping default framebuffer, no dt
[GFX1-]: RenderCompositorSWGL failed mapping default framebuffer, no dt
[GFX1-]: RenderCompositorSWGL failed mapping default framebuffer, no dt
[GFX1-]: RenderCompositorSWGL failed mapping default framebuffer, no dt
[GFX1-]: RenderCompositorSWGL failed mapping default framebuffer, no dt
[GFX1-]: RenderCompositorSWGL failed mapping default framebuffer, no dt
[GFX1-]: RenderCompositorSWGL failed mapping default framebuffer, no dt
[GFX1-]: RenderCompositorSWGL failed mapping default framebuffer, no dt
[GFX1-]: RenderCompositorSWGL failed mapping default framebuffer, no dt
[GFX1-]: RenderCompositorSWGL failed mapping default framebuffer, no dt
[GFX1-]: RenderCompositorSWGL failed mapping default framebuffer, no dt
[GFX1-]: RenderCompositorSWGL failed mapping default framebuffer, no dt
[GFX1-]: RenderCompositorSWGL failed mapping default framebuffer, no dt
[GFX1-]: RenderCompositorSWGL failed mapping default framebuffer, no dt
[GFX1-]: RenderCompositorSWGL failed mapping default framebuffer, no dt
[GFX1-]: RenderCompositorSWGL failed mapping default framebuffer, no dt
[GFX1-]: RenderCompositorSWGL failed mapping default framebuffer, no dt
[GFX1-]: RenderCompositorSWGL failed mapping default framebuffer, no dt
[GFX1-]: RenderCompositorSWGL failed mapping default framebuffer, no dt
[GFX1-]: RenderCompositorSWGL failed mapping default framebuffer, no dt
[GFX1-]: RenderCompositorSWGL failed mapping default framebuffer, no dt
[GFX1-]: RenderCompositorSWGL failed mapping default framebuffer, no dt
[GFX1-]: RenderCompositorSWGL failed mapping default framebuffer, no dt
[GFX1-]: RenderCompositorSWGL failed mapping default framebuffer, no dt
[GFX1-]: RenderCompositorSWGL failed mapping default framebuffer, no dt
[GFX1-]: RenderCompositorSWGL failed mapping default framebuffer, no dt
[GFX1-]: RenderCompositorSWGL failed mapping default framebuffer, no dt
[GFX1-]: RenderCompositorSWGL failed mapping default framebuffer, no dt
[GFX1-]: RenderCompositorSWGL failed mapping default framebuffer, no dt
[GFX1-]: RenderCompositorSWGL failed mapping default framebuffer, no dt
[GFX1-]: RenderCompositorSWGL failed mapping default framebuffer, no dt
[GFX1-]: RenderCompositorSWGL failed mapping default framebuffer, no dt
[GFX1-]: RenderCompositorSWGL failed mapping default framebuffer, no dt
[GFX1-]: RenderCompositorSWGL failed mapping default framebuffer, no dt
[GFX1-]: RenderCompositorSWGL failed mapping default framebuffer, no dt
[GFX1-]: RenderCompositorSWGL failed mapping default framebuffer, no dt
[GFX1-]: RenderCompositorSWGL failed mapping default framebuffer, no dt
[GFX1-]: RenderCompositorSWGL failed mapping default framebuffer, no dt
[GFX1-]: RenderCompositorSWGL failed mapping default framebuffer, no dt
[GFX1-]: RenderCompositorSWGL failed mapping default framebuffer, no dt
[GFX1-]: RenderCompositorSWGL failed mapping default framebuffer, no dt
[GFX1-]: RenderCompositorSWGL failed mapping default framebuffer, no dt
[GFX1-]: RenderCompositorSWGL failed mapping default framebuffer, no dt
[GFX1-]: RenderCompositorSWGL failed mapping default framebuffer, no dt
[GFX1-]: RenderCompositorSWGL failed mapping default framebuffer, no dt
[GFX1-]: RenderCompositorSWGL failed mapping default framebuffer, no dt
[GFX1-]: RenderCompositorSWGL failed mapping default framebuffer, no dt
[GFX1-]: RenderCompositorSWGL failed mapping default framebuffer, no dt
[GFX1-]: RenderCompositorSWGL failed mapping default framebuffer, no dt
[GFX1-]: RenderCompositorSWGL failed mapping default framebuffer, no dt
[GFX1-]: RenderCompositorSWGL failed mapping default framebuffer, no dt
[GFX1-]: RenderCompositorSWGL failed mapping default framebuffer, no dt
[GFX1-]: RenderCompositorSWGL failed mapping default framebuffer, no dt
[GFX1-]: RenderCompositorSWGL failed mapping default framebuffer, no dt
[GFX1-]: RenderCompositorSWGL failed mapping default framebuffer, no dt
[GFX1-]: RenderCompositorSWGL failed mapping default framebuffer, no dt
[GFX1-]: RenderCompositorSWGL failed mapping default framebuffer, no dt
[GFX1-]: RenderCompositorSWGL failed mapping default framebuffer, no dt
[GFX1-]: RenderCompositorSWGL failed mapping default framebuffer, no dt
[GFX1-]: RenderCompositorSWGL failed mapping default framebuffer, no dt
[GFX1-]: RenderCompositorSWGL failed mapping default framebuffer, no dt
[GFX1-]: RenderCompositorSWGL failed mapping default framebuffer, no dt
[GFX1-]: RenderCompositorSWGL failed mapping default framebuffer, no dt
[GFX1-]: RenderCompositorSWGL failed mapping default framebuffer, no dt
[GFX1-]: RenderCompositorSWGL failed mapping default framebuffer, no dt
[GFX1-]: RenderCompositorSWGL failed mapping default framebuffer, no dt
[GFX1-]: RenderCompositorSWGL failed mapping default framebuffer, no dt
[GFX1-]: RenderCompositorSWGL failed mapping default framebuffer, no dt
[GFX1-]: RenderCompositorSWGL failed mapping default framebuffer, no dt
[GFX1-]: RenderCompositorSWGL failed mapping default framebuffer, no dt
[GFX1-]: RenderCompositorSWGL failed mapping default framebuffer, no dt
[GFX1-]: RenderCompositorSWGL failed mapping default framebuffer, no dt
[GFX1-]: RenderCompositorSWGL failed mapping default framebuffer, no dt
[GFX1-]: RenderCompositorSWGL failed mapping default framebuffer, no dt
[GFX1-]: RenderCompositorSWGL failed mapping default framebuffer, no dt
[GFX1-]: RenderCompositorSWGL failed mapping default framebuffer, no dt
[GFX1-]: RenderCompositorSWGL failed mapping default framebuffer, no dt
[GFX1-]: RenderCompositorSWGL failed mapping default framebuffer, no dt
[GFX1-]: RenderCompositorSWGL failed mapping default framebuffer, no dt
[GFX1-]: RenderCompositorSWGL failed mapping default framebuffer, no dt
[GFX1-]: RenderCompositorSWGL failed mapping default framebuffer, no dt
[GFX1-]: RenderCompositorSWGL failed mapping default framebuffer, no dt
[GFX1-]: RenderCompositorSWGL failed mapping default framebuffer, no dt
[GFX1-]: RenderCompositorSWGL failed mapping default framebuffer, no dt
[GFX1-]: RenderCompositorSWGL failed mapping default framebuffer, no dt
[GFX1-]: RenderCompositorSWGL failed mapping default framebuffer, no dt
[GFX1-]: RenderCompositorSWGL failed mapping default framebuffer, no dt
[GFX1-]: RenderCompositorSWGL failed mapping default framebuffer, no dt
[GFX1-]: RenderCompositorSWGL failed mapping default framebuffer, no dt
[GFX1-]: RenderCompositorSWGL failed mapping default framebuffer, no dt
[GFX1-]: RenderCompositorSWGL failed mapping default framebuffer, no dt
[GFX1-]: RenderCompositorSWGL failed mapping default framebuffer, no dt
[GFX1-]: RenderCompositorSWGL failed mapping default framebuffer, no dt
[GFX1-]: RenderCompositorSWGL failed mapping default framebuffer, no dt
[GFX1-]: RenderCompositorSWGL failed mapping default framebuffer, no dt
[GFX1-]: RenderCompositorSWGL failed mapping default framebuffer, no dt
[GFX1-]: RenderCompositorSWGL failed mapping default framebuffer, no dt
[GFX1-]: RenderCompositorSWGL failed mapping default framebuffer, no dt
[GFX1-]: RenderCompositorSWGL failed mapping default framebuffer, no dt
[GFX1-]: RenderCompositorSWGL failed mapping default framebuffer, no dt
[GFX1-]: RenderCompositorSWGL failed mapping default framebuffer, no dt
[GFX1-]: RenderCompositorSWGL failed mapping default framebuffer, no dt
[GFX1-]: RenderCompositorSWGL failed mapping default framebuffer, no dt
[GFX1-]: RenderCompositorSWGL failed mapping default framebuffer, no dt
[GFX1-]: RenderCompositorSWGL failed mapping default framebuffer, no dt
[GFX1-]: RenderCompositorSWGL failed mapping default framebuffer, no dt
[GFX1-]: RenderCompositorSWGL failed mapping default framebuffer, no dt
[GFX1-]: RenderCompositorSWGL failed mapping default framebuffer, no dt
[GFX1-]: RenderCompositorSWGL failed mapping default framebuffer, no dt
[GFX1-]: RenderCompositorSWGL failed mapping default framebuffer, no dt
[GFX1-]: RenderCompositorSWGL failed mapping default framebuffer, no dt
[GFX1-]: RenderCompositorSWGL failed mapping default framebuffer, no dt
[GFX1-]: RenderCompositorSWGL failed mapping default framebuffer, no dt
[GFX1-]: RenderCompositorSWGL failed mapping default framebuffer, no dt
[GFX1-]: RenderCompositorSWGL failed mapping default framebuffer, no dt
[GFX1-]: RenderCompositorSWGL failed mapping default framebuffer, no dt
[GFX1-]: RenderCompositorSWGL failed mapping default framebuffer, no dt
[GFX1-]: RenderCompositorSWGL failed mapping default framebuffer, no dt
[GFX1-]: RenderCompositorSWGL failed mapping default framebuffer, no dt
[GFX1-]: RenderCompositorSWGL failed mapping default framebuffer, no dt
[GFX1-]: RenderCompositorSWGL failed mapping default framebuffer, no dt
[GFX1-]: RenderCompositorSWGL failed mapping default framebuffer, no dt
[GFX1-]: RenderCompositorSWGL failed mapping default framebuffer, no dt
[GFX1-]: RenderCompositorSWGL failed mapping default framebuffer, no dt
[GFX1-]: RenderCompositorSWGL failed mapping default framebuffer, no dt
[GFX1-]: RenderCompositorSWGL failed mapping default framebuffer, no dt
[GFX1-]: RenderCompositorSWGL failed mapping default framebuffer, no dt
[GFX1-]: RenderCompositorSWGL failed mapping default framebuffer, no dt
[GFX1-]: RenderCompositorSWGL failed mapping default framebuffer, no dt
[GFX1-]: RenderCompositorSWGL failed mapping default framebuffer, no dt
[GFX1-]: RenderCompositorSWGL failed mapping default framebuffer, no dt
[GFX1-]: RenderCompositorSWGL failed mapping default framebuffer, no dt
[GFX1-]: RenderCompositorSWGL failed mapping default framebuffer, no dt
[GFX1-]: RenderCompositorSWGL failed mapping default framebuffer, no dt
[GFX1-]: RenderCompositorSWGL failed mapping default framebuffer, no dt
[GFX1-]: RenderCompositorSWGL failed mapping default framebuffer, no dt
[GFX1-]: RenderCompositorSWGL failed mapping default framebuffer, no dt
[GFX1-]: RenderCompositorSWGL failed mapping default framebuffer, no dt
[GFX1-]: RenderCompositorSWGL failed mapping default framebuffer, no dt
[GFX1-]: RenderCompositorSWGL failed mapping default framebuffer, no dt
[GFX1-]: RenderCompositorSWGL failed mapping default framebuffer, no dt
[GFX1-]: RenderCompositorSWGL failed mapping default framebuffer, no dt
[GFX1-]: RenderCompositorSWGL failed mapping default framebuffer, no dt
[GFX1-]: RenderCompositorSWGL failed mapping default framebuffer, no dt
[GFX1-]: RenderCompositorSWGL failed mapping default framebuffer, no dt
[GFX1-]: RenderCompositorSWGL failed mapping default framebuffer, no dt
[GFX1-]: RenderCompositorSWGL failed mapping default framebuffer, no dt
[GFX1-]: RenderCompositorSWGL failed mapping default framebuffer, no dt
[GFX1-]: RenderCompositorSWGL failed mapping default framebuffer, no dt
[GFX1-]: RenderCompositorSWGL failed mapping default framebuffer, no dt
[GFX1-]: RenderCompositorSWGL failed mapping default framebuffer, no dt
[GFX1-]: RenderCompositorSWGL failed mapping default framebuffer, no dt
[GFX1-]: RenderCompositorSWGL failed mapping default framebuffer, no dt
[GFX1-]: RenderCompositorSWGL failed mapping default framebuffer, no dt
[GFX1-]: RenderCompositorSWGL failed mapping default framebuffer, no dt
[GFX1-]: RenderCompositorSWGL failed mapping default framebuffer, no dt
[GFX1-]: RenderCompositorSWGL failed mapping default framebuffer, no dt
[GFX1-]: RenderCompositorSWGL failed mapping default framebuffer, no dt
[GFX1-]: RenderCompositorSWGL failed mapping default framebuffer, no dt
[GFX1-]: RenderCompositorSWGL failed mapping default framebuffer, no dt
[GFX1-]: RenderCompositorSWGL failed mapping default framebuffer, no dt
[GFX1-]: RenderCompositorSWGL failed mapping default framebuffer, no dt
[GFX1-]: RenderCompositorSWGL failed mapping default framebuffer, no dt
[GFX1-]: RenderCompositorSWGL failed mapping default framebuffer, no dt
[GFX1-]: RenderCompositorSWGL failed mapping default framebuffer, no dt
[GFX1-]: RenderCompositorSWGL failed mapping default framebuffer, no dt
[GFX1-]: RenderCompositorSWGL failed mapping default framebuffer, no dt
[GFX1-]: RenderCompositorSWGL failed mapping default framebuffer, no dt
[GFX1-]: RenderCompositorSWGL failed mapping default framebuffer, no dt
[GFX1-]: RenderCompositorSWGL failed mapping default framebuffer, no dt
[GFX1-]: RenderCompositorSWGL failed mapping default framebuffer, no dt
[GFX1-]: RenderCompositorSWGL failed mapping default framebuffer, no dt
[GFX1-]: RenderCompositorSWGL failed mapping default framebuffer, no dt
[GFX1-]: RenderCompositorSWGL failed mapping default framebuffer, no dt
[GFX1-]: RenderCompositorSWGL failed mapping default framebuffer, no dt
[GFX1-]: RenderCompositorSWGL failed mapping default framebuffer, no dt
[GFX1-]: RenderCompositorSWGL failed mapping default framebuffer, no dt
[GFX1-]: RenderCompositorSWGL failed mapping default framebuffer, no dt
[GFX1-]: RenderCompositorSWGL failed mapping default framebuffer, no dt
[GFX1-]: RenderCompositorSWGL failed mapping default framebuffer, no dt
[GFX1-]: RenderCompositorSWGL failed mapping default framebuffer, no dt
[GFX1-]: RenderCompositorSWGL failed mapping default framebuffer, no dt
[GFX1-]: RenderCompositorSWGL failed mapping default framebuffer, no dt
[GFX1-]: RenderCompositorSWGL failed mapping default framebuffer, no dt
[GFX1-]: RenderCompositorSWGL failed mapping default framebuffer, no dt
[GFX1-]: RenderCompositorSWGL failed mapping default framebuffer, no dt
[GFX1-]: RenderCompositorSWGL failed mapping default framebuffer, no dt
[GFX1-]: RenderCompositorSWGL failed mapping default framebuffer, no dt
[GFX1-]: RenderCompositorSWGL failed mapping default framebuffer, no dt
[GFX1-]: RenderCompositorSWGL failed mapping default framebuffer, no dt
[GFX1-]: RenderCompositorSWGL failed mapping default framebuffer, no dt
[GFX1-]: RenderCompositorSWGL failed mapping default framebuffer, no dt
[GFX1-]: RenderCompositorSWGL failed mapping default framebuffer, no dt
[GFX1-]: RenderCompositorSWGL failed mapping default framebuffer, no dt
[GFX1-]: RenderCompositorSWGL failed mapping default framebuffer, no dt
[GFX1-]: RenderCompositorSWGL failed mapping default framebuffer, no dt
[GFX1-]: RenderCompositorSWGL failed mapping default framebuffer, no dt
[GFX1-]: RenderCompositorSWGL failed mapping default framebuffer, no dt
[GFX1-]: RenderCompositorSWGL failed mapping default framebuffer, no dt
[GFX1-]: RenderCompositorSWGL failed mapping default framebuffer, no dt
[GFX1-]: RenderCompositorSWGL failed mapping default framebuffer, no dt
[GFX1-]: RenderCompositorSWGL failed mapping default framebuffer, no dt
[GFX1-]: RenderCompositorSWGL failed mapping default framebuffer, no dt
[GFX1-]: RenderCompositorSWGL failed mapping default framebuffer, no dt
[GFX1-]: RenderCompositorSWGL failed mapping default framebuffer, no dt
[GFX1-]: RenderCompositorSWGL failed mapping default framebuffer, no dt
[GFX1-]: RenderCompositorSWGL failed mapping default framebuffer, no dt
[GFX1-]: RenderCompositorSWGL failed mapping default framebuffer, no dt
[GFX1-]: RenderCompositorSWGL failed mapping default framebuffer, no dt
[GFX1-]: RenderCompositorSWGL failed mapping default framebuffer, no dt
[GFX1-]: RenderCompositorSWGL failed mapping default framebuffer, no dt
[GFX1-]: RenderCompositorSWGL failed mapping default framebuffer, no dt
[GFX1-]: RenderCompositorSWGL failed mapping default framebuffer, no dt
[GFX1-]: RenderCompositorSWGL failed mapping default framebuffer, no dt
[GFX1-]: RenderCompositorSWGL failed mapping default framebuffer, no dt
[GFX1-]: RenderCompositorSWGL failed mapping default framebuffer, no dt
[GFX1-]: RenderCompositorSWGL failed mapping default framebuffer, no dt
[GFX1-]: RenderCompositorSWGL failed mapping default framebuffer, no dt
[GFX1-]: RenderCompositorSWGL failed mapping default framebuffer, no dt
[GFX1-]: RenderCompositorSWGL failed mapping default framebuffer, no dt
[GFX1-]: RenderCompositorSWGL failed mapping default framebuffer, no dt
[GFX1-]: RenderCompositorSWGL failed mapping default framebuffer, no dt
[GFX1-]: RenderCompositorSWGL failed mapping default framebuffer, no dt
[GFX1-]: RenderCompositorSWGL failed mapping default framebuffer, no dt
[GFX1-]: RenderCompositorSWGL failed mapping default framebuffer, no dt
[GFX1-]: RenderCompositorSWGL failed mapping default framebuffer, no dt
[GFX1-]: RenderCompositorSWGL failed mapping default framebuffer, no dt
[GFX1-]: RenderCompositorSWGL failed mapping default framebuffer, no dt
[GFX1-]: RenderCompositorSWGL failed mapping default framebuffer, no dt
1626103913318	geckodriver	INFO	Listening on 127.0.0.1:37547
1626103913322	mozrunner::runner	INFO	Running command: "/usr/bin/firefox" "--marionette" "-headless" "-foreground" "-no-remote" "-profile" "/tmp/rust_mozprofileTnAX8c"
*** You are running in headless mode.
1626103913712	Marionette	INFO	Marionette enabled
[GFX1-]: RenderCompositorSWGL failed mapping default framebuffer, no dt
[GFX1-]: RenderCompositorSWGL failed mapping default framebuffer, no dt
console.warn: SearchSettings: "get: No settings file exists, new profile?" (new NotFoundError("Could not open the file at /tmp/rust_mozprofileTnAX8c/search.json.mozlz4", (void 0)))
[GFX1-]: RenderCompositorSWGL failed mapping default framebuffer, no dt
[GFX1-]: RenderCompositorSWGL failed mapping default framebuffer, no dt
[GFX1-]: RenderCompositorSWGL failed mapping default framebuffer, no dt
[GFX1-]: RenderCompositorSWGL failed mapping default framebuffer, no dt
1626103914657	Marionette	INFO	Listening on port 45605
[GFX1-]: RenderCompositorSWGL failed mapping default framebuffer, no dt
1626103914741	Marionette	WARN	TLS certificate errors will be ignored for this session
[GFX1-]: RenderCompositorSWGL failed mapping default framebuffer, no dt
[GFX1-]: RenderCompositorSWGL failed mapping default framebuffer, no dt
[GFX1-]: RenderCompositorSWGL failed mapping default framebuffer, no dt
[GFX1-]: RenderCompositorSWGL failed mapping default framebuffer, no dt
[GFX1-]: RenderCompositorSWGL failed mapping default framebuffer, no dt
[GFX1-]: RenderCompositorSWGL failed mapping default framebuffer, no dt
[GFX1-]: RenderCompositorSWGL failed mapping default framebuffer, no dt
[GFX1-]: RenderCompositorSWGL failed mapping default framebuffer, no dt
[GFX1-]: RenderCompositorSWGL failed mapping default framebuffer, no dt
[GFX1-]: RenderCompositorSWGL failed mapping default framebuffer, no dt
[GFX1-]: RenderCompositorSWGL failed mapping default framebuffer, no dt
[GFX1-]: RenderCompositorSWGL failed mapping default framebuffer, no dt
[GFX1-]: RenderCompositorSWGL failed mapping default framebuffer, no dt
[GFX1-]: RenderCompositorSWGL failed mapping default framebuffer, no dt
JavaScript error: https://www.filmaffinity.com/js/theaters-showtimes.1580721529.js, line 1: ReferenceError: $ is not defined
[GFX1-]: RenderCompositorSWGL failed mapping default framebuffer, no dt
[GFX1-]: RenderCompositorSWGL failed mapping default framebuffer, no dt
[GFX1-]: RenderCompositorSWGL failed mapping default framebuffer, no dt
[GFX1-]: RenderCompositorSWGL failed mapping default framebuffer, no dt
[GFX1-]: RenderCompositorSWGL failed mapping default framebuffer, no dt
[GFX1-]: RenderCompositorSWGL failed mapping default framebuffer, no dt
[GFX1-]: RenderCompositorSWGL failed mapping default framebuffer, no dt
[GFX1-]: RenderCompositorSWGL failed mapping default framebuffer, no dt
[GFX1-]: RenderCompositorSWGL failed mapping default framebuffer, no dt
[GFX1-]: RenderCompositorSWGL failed mapping default framebuffer, no dt
[GFX1-]: RenderCompositorSWGL failed mapping default framebuffer, no dt
[GFX1-]: RenderCompositorSWGL failed mapping default framebuffer, no dt
[GFX1-]: RenderCompositorSWGL failed mapping default framebuffer, no dt
[GFX1-]: RenderCompositorSWGL failed mapping default framebuffer, no dt
[GFX1-]: RenderCompositorSWGL failed mapping default framebuffer, no dt
[GFX1-]: RenderCompositorSWGL failed mapping default framebuffer, no dt
[GFX1-]: RenderCompositorSWGL failed mapping default framebuffer, no dt
[GFX1-]: RenderCompositorSWGL failed mapping default framebuffer, no dt
[GFX1-]: RenderCompositorSWGL failed mapping default framebuffer, no dt
[GFX1-]: RenderCompositorSWGL failed mapping default framebuffer, no dt
[GFX1-]: RenderCompositorSWGL failed mapping default framebuffer, no dt
[GFX1-]: RenderCompositorSWGL failed mapping default framebuffer, no dt
[GFX1-]: RenderCompositorSWGL failed mapping default framebuffer, no dt
[GFX1-]: RenderCompositorSWGL failed mapping default framebuffer, no dt
[GFX1-]: RenderCompositorSWGL failed mapping default framebuffer, no dt
[GFX1-]: RenderCompositorSWGL failed mapping default framebuffer, no dt
[GFX1-]: RenderCompositorSWGL failed mapping default framebuffer, no dt
[GFX1-]: RenderCompositorSWGL failed mapping default framebuffer, no dt
[GFX1-]: RenderCompositorSWGL failed mapping default framebuffer, no dt
[GFX1-]: RenderCompositorSWGL failed mapping default framebuffer, no dt
[GFX1-]: RenderCompositorSWGL failed mapping default framebuffer, no dt
[GFX1-]: RenderCompositorSWGL failed mapping default framebuffer, no dt
[GFX1-]: RenderCompositorSWGL failed mapping default framebuffer, no dt
[GFX1-]: RenderCompositorSWGL failed mapping default framebuffer, no dt
[GFX1-]: RenderCompositorSWGL failed mapping default framebuffer, no dt
[GFX1-]: RenderCompositorSWGL failed mapping default framebuffer, no dt
[GFX1-]: RenderCompositorSWGL failed mapping default framebuffer, no dt
[GFX1-]: RenderCompositorSWGL failed mapping default framebuffer, no dt
[GFX1-]: RenderCompositorSWGL failed mapping default framebuffer, no dt
[GFX1-]: RenderCompositorSWGL failed mapping default framebuffer, no dt
[GFX1-]: RenderCompositorSWGL failed mapping default framebuffer, no dt
[GFX1-]: RenderCompositorSWGL failed mapping default framebuffer, no dt
[GFX1-]: RenderCompositorSWGL failed mapping default framebuffer, no dt
[GFX1-]: RenderCompositorSWGL failed mapping default framebuffer, no dt
[GFX1-]: RenderCompositorSWGL failed mapping default framebuffer, no dt
[GFX1-]: RenderCompositorSWGL failed mapping default framebuffer, no dt
[GFX1-]: RenderCompositorSWGL failed mapping default framebuffer, no dt
[GFX1-]: RenderCompositorSWGL failed mapping default framebuffer, no dt
[GFX1-]: RenderCompositorSWGL failed mapping default framebuffer, no dt
[GFX1-]: RenderCompositorSWGL failed mapping default framebuffer, no dt
[GFX1-]: RenderCompositorSWGL failed mapping default framebuffer, no dt
[GFX1-]: RenderCompositorSWGL failed mapping default framebuffer, no dt
[GFX1-]: RenderCompositorSWGL failed mapping default framebuffer, no dt
[GFX1-]: RenderCompositorSWGL failed mapping default framebuffer, no dt
[GFX1-]: RenderCompositorSWGL failed mapping default framebuffer, no dt
[GFX1-]: RenderCompositorSWGL failed mapping default framebuffer, no dt
[GFX1-]: RenderCompositorSWGL failed mapping default framebuffer, no dt
[GFX1-]: RenderCompositorSWGL failed mapping default framebuffer, no dt
[GFX1-]: RenderCompositorSWGL failed mapping default framebuffer, no dt
[GFX1-]: RenderCompositorSWGL failed mapping default framebuffer, no dt
[GFX1-]: RenderCompositorSWGL failed mapping default framebuffer, no dt
[GFX1-]: RenderCompositorSWGL failed mapping default framebuffer, no dt
[GFX1-]: RenderCompositorSWGL failed mapping default framebuffer, no dt
[GFX1-]: RenderCompositorSWGL failed mapping default framebuffer, no dt
[GFX1-]: RenderCompositorSWGL failed mapping default framebuffer, no dt
[GFX1-]: RenderCompositorSWGL failed mapping default framebuffer, no dt
[GFX1-]: RenderCompositorSWGL failed mapping default framebuffer, no dt
[GFX1-]: RenderCompositorSWGL failed mapping default framebuffer, no dt
[GFX1-]: RenderCompositorSWGL failed mapping default framebuffer, no dt
[GFX1-]: RenderCompositorSWGL failed mapping default framebuffer, no dt
[GFX1-]: RenderCompositorSWGL failed mapping default framebuffer, no dt
[GFX1-]: RenderCompositorSWGL failed mapping default framebuffer, no dt
[GFX1-]: RenderCompositorSWGL failed mapping default framebuffer, no dt
[GFX1-]: RenderCompositorSWGL failed mapping default framebuffer, no dt
[GFX1-]: RenderCompositorSWGL failed mapping default framebuffer, no dt
[GFX1-]: RenderCompositorSWGL failed mapping default framebuffer, no dt
[GFX1-]: RenderCompositorSWGL failed mapping default framebuffer, no dt
[GFX1-]: RenderCompositorSWGL failed mapping default framebuffer, no dt
[GFX1-]: RenderCompositorSWGL failed mapping default framebuffer, no dt
[GFX1-]: RenderCompositorSWGL failed mapping default framebuffer, no dt
[GFX1-]: RenderCompositorSWGL failed mapping default framebuffer, no dt
[GFX1-]: RenderCompositorSWGL failed mapping default framebuffer, no dt
[GFX1-]: RenderCompositorSWGL failed mapping default framebuffer, no dt
[GFX1-]: RenderCompositorSWGL failed mapping default framebuffer, no dt
[GFX1-]: RenderCompositorSWGL failed mapping default framebuffer, no dt
[GFX1-]: RenderCompositorSWGL failed mapping default framebuffer, no dt
[GFX1-]: RenderCompositorSWGL failed mapping default framebuffer, no dt
[GFX1-]: RenderCompositorSWGL failed mapping default framebuffer, no dt
[GFX1-]: RenderCompositorSWGL failed mapping default framebuffer, no dt
[GFX1-]: RenderCompositorSWGL failed mapping default framebuffer, no dt
[GFX1-]: RenderCompositorSWGL failed mapping default framebuffer, no dt
[GFX1-]: RenderCompositorSWGL failed mapping default framebuffer, no dt
[GFX1-]: RenderCompositorSWGL failed mapping default framebuffer, no dt
[GFX1-]: RenderCompositorSWGL failed mapping default framebuffer, no dt
[GFX1-]: RenderCompositorSWGL failed mapping default framebuffer, no dt
[GFX1-]: RenderCompositorSWGL failed mapping default framebuffer, no dt
[GFX1-]: RenderCompositorSWGL failed mapping default framebuffer, no dt
[GFX1-]: RenderCompositorSWGL failed mapping default framebuffer, no dt
[GFX1-]: RenderCompositorSWGL failed mapping default framebuffer, no dt
[GFX1-]: RenderCompositorSWGL failed mapping default framebuffer, no dt
[GFX1-]: RenderCompositorSWGL failed mapping default framebuffer, no dt
[GFX1-]: RenderCompositorSWGL failed mapping default framebuffer, no dt
[GFX1-]: RenderCompositorSWGL failed mapping default framebuffer, no dt
[GFX1-]: RenderCompositorSWGL failed mapping default framebuffer, no dt
[GFX1-]: RenderCompositorSWGL failed mapping default framebuffer, no dt
[GFX1-]: RenderCompositorSWGL failed mapping default framebuffer, no dt
[GFX1-]: RenderCompositorSWGL failed mapping default framebuffer, no dt
[GFX1-]: RenderCompositorSWGL failed mapping default framebuffer, no dt
[GFX1-]: RenderCompositorSWGL failed mapping default framebuffer, no dt
[GFX1-]: RenderCompositorSWGL failed mapping default framebuffer, no dt
[GFX1-]: RenderCompositorSWGL failed mapping default framebuffer, no dt
[GFX1-]: RenderCompositorSWGL failed mapping default framebuffer, no dt
[GFX1-]: RenderCompositorSWGL failed mapping default framebuffer, no dt
[GFX1-]: RenderCompositorSWGL failed mapping default framebuffer, no dt
[GFX1-]: RenderCompositorSWGL failed mapping default framebuffer, no dt
[GFX1-]: RenderCompositorSWGL failed mapping default framebuffer, no dt
[GFX1-]: RenderCompositorSWGL failed mapping default framebuffer, no dt
[GFX1-]: RenderCompositorSWGL failed mapping default framebuffer, no dt
[GFX1-]: RenderCompositorSWGL failed mapping default framebuffer, no dt
[GFX1-]: RenderCompositorSWGL failed mapping default framebuffer, no dt
[GFX1-]: RenderCompositorSWGL failed mapping default framebuffer, no dt
[GFX1-]: RenderCompositorSWGL failed mapping default framebuffer, no dt
[GFX1-]: RenderCompositorSWGL failed mapping default framebuffer, no dt
[GFX1-]: RenderCompositorSWGL failed mapping default framebuffer, no dt
[GFX1-]: RenderCompositorSWGL failed mapping default framebuffer, no dt
[GFX1-]: RenderCompositorSWGL failed mapping default framebuffer, no dt
[GFX1-]: RenderCompositorSWGL failed mapping default framebuffer, no dt
[GFX1-]: RenderCompositorSWGL failed mapping default framebuffer, no dt
[GFX1-]: RenderCompositorSWGL failed mapping default framebuffer, no dt
[GFX1-]: RenderCompositorSWGL failed mapping default framebuffer, no dt
[GFX1-]: RenderCompositorSWGL failed mapping default framebuffer, no dt
[GFX1-]: RenderCompositorSWGL failed mapping default framebuffer, no dt
[GFX1-]: RenderCompositorSWGL failed mapping default framebuffer, no dt
[GFX1-]: RenderCompositorSWGL failed mapping default framebuffer, no dt
[GFX1-]: RenderCompositorSWGL failed mapping default framebuffer, no dt
[GFX1-]: RenderCompositorSWGL failed mapping default framebuffer, no dt
[GFX1-]: RenderCompositorSWGL failed mapping default framebuffer, no dt
[GFX1-]: RenderCompositorSWGL failed mapping default framebuffer, no dt
[GFX1-]: RenderCompositorSWGL failed mapping default framebuffer, no dt
[GFX1-]: RenderCompositorSWGL failed mapping default framebuffer, no dt
[GFX1-]: RenderCompositorSWGL failed mapping default framebuffer, no dt
[GFX1-]: RenderCompositorSWGL failed mapping default framebuffer, no dt
[GFX1-]: RenderCompositorSWGL failed mapping default framebuffer, no dt
[GFX1-]: RenderCompositorSWGL failed mapping default framebuffer, no dt
[GFX1-]: RenderCompositorSWGL failed mapping default framebuffer, no dt
[GFX1-]: RenderCompositorSWGL failed mapping default framebuffer, no dt
[GFX1-]: RenderCompositorSWGL failed mapping default framebuffer, no dt
[GFX1-]: RenderCompositorSWGL failed mapping default framebuffer, no dt
[GFX1-]: RenderCompositorSWGL failed mapping default framebuffer, no dt
[GFX1-]: RenderCompositorSWGL failed mapping default framebuffer, no dt
[GFX1-]: RenderCompositorSWGL failed mapping default framebuffer, no dt
[GFX1-]: RenderCompositorSWGL failed mapping default framebuffer, no dt
[GFX1-]: RenderCompositorSWGL failed mapping default framebuffer, no dt
[GFX1-]: RenderCompositorSWGL failed mapping default framebuffer, no dt
[GFX1-]: RenderCompositorSWGL failed mapping default framebuffer, no dt
[GFX1-]: RenderCompositorSWGL failed mapping default framebuffer, no dt
[GFX1-]: RenderCompositorSWGL failed mapping default framebuffer, no dt
[GFX1-]: RenderCompositorSWGL failed mapping default framebuffer, no dt
[GFX1-]: RenderCompositorSWGL failed mapping default framebuffer, no dt
[GFX1-]: RenderCompositorSWGL failed mapping default framebuffer, no dt
[GFX1-]: RenderCompositorSWGL failed mapping default framebuffer, no dt
[GFX1-]: RenderCompositorSWGL failed mapping default framebuffer, no dt
[GFX1-]: RenderCompositorSWGL failed mapping default framebuffer, no dt
[GFX1-]: RenderCompositorSWGL failed mapping default framebuffer, no dt
[GFX1-]: RenderCompositorSWGL failed mapping default framebuffer, no dt
[GFX1-]: RenderCompositorSWGL failed mapping default framebuffer, no dt
[GFX1-]: RenderCompositorSWGL failed mapping default framebuffer, no dt
[GFX1-]: RenderCompositorSWGL failed mapping default framebuffer, no dt
[GFX1-]: RenderCompositorSWGL failed mapping default framebuffer, no dt
[GFX1-]: RenderCompositorSWGL failed mapping default framebuffer, no dt
[GFX1-]: RenderCompositorSWGL failed mapping default framebuffer, no dt
[GFX1-]: RenderCompositorSWGL failed mapping default framebuffer, no dt
[GFX1-]: RenderCompositorSWGL failed mapping default framebuffer, no dt
[GFX1-]: RenderCompositorSWGL failed mapping default framebuffer, no dt
[GFX1-]: RenderCompositorSWGL failed mapping default framebuffer, no dt
[GFX1-]: RenderCompositorSWGL failed mapping default framebuffer, no dt
[GFX1-]: RenderCompositorSWGL failed mapping default framebuffer, no dt
[GFX1-]: RenderCompositorSWGL failed mapping default framebuffer, no dt
[GFX1-]: RenderCompositorSWGL failed mapping default framebuffer, no dt
[GFX1-]: RenderCompositorSWGL failed mapping default framebuffer, no dt
[GFX1-]: RenderCompositorSWGL failed mapping default framebuffer, no dt
[GFX1-]: RenderCompositorSWGL failed mapping default framebuffer, no dt
[GFX1-]: RenderCompositorSWGL failed mapping default framebuffer, no dt
[GFX1-]: RenderCompositorSWGL failed mapping default framebuffer, no dt
[GFX1-]: RenderCompositorSWGL failed mapping default framebuffer, no dt
[GFX1-]: RenderCompositorSWGL failed mapping default framebuffer, no dt
[GFX1-]: RenderCompositorSWGL failed mapping default framebuffer, no dt
[GFX1-]: RenderCompositorSWGL failed mapping default framebuffer, no dt
[GFX1-]: RenderCompositorSWGL failed mapping default framebuffer, no dt
[GFX1-]: RenderCompositorSWGL failed mapping default framebuffer, no dt
[GFX1-]: RenderCompositorSWGL failed mapping default framebuffer, no dt
[GFX1-]: RenderCompositorSWGL failed mapping default framebuffer, no dt
[GFX1-]: RenderCompositorSWGL failed mapping default framebuffer, no dt
[GFX1-]: RenderCompositorSWGL failed mapping default framebuffer, no dt
[GFX1-]: RenderCompositorSWGL failed mapping default framebuffer, no dt
[GFX1-]: RenderCompositorSWGL failed mapping default framebuffer, no dt
[GFX1-]: RenderCompositorSWGL failed mapping default framebuffer, no dt
[GFX1-]: RenderCompositorSWGL failed mapping default framebuffer, no dt
[GFX1-]: RenderCompositorSWGL failed mapping default framebuffer, no dt
[GFX1-]: RenderCompositorSWGL failed mapping default framebuffer, no dt
[GFX1-]: RenderCompositorSWGL failed mapping default framebuffer, no dt
[GFX1-]: RenderCompositorSWGL failed mapping default framebuffer, no dt
[GFX1-]: RenderCompositorSWGL failed mapping default framebuffer, no dt
[GFX1-]: RenderCompositorSWGL failed mapping default framebuffer, no dt
[GFX1-]: RenderCompositorSWGL failed mapping default framebuffer, no dt
[GFX1-]: RenderCompositorSWGL failed mapping default framebuffer, no dt
[GFX1-]: RenderCompositorSWGL failed mapping default framebuffer, no dt
[GFX1-]: RenderCompositorSWGL failed mapping default framebuffer, no dt
[GFX1-]: RenderCompositorSWGL failed mapping default framebuffer, no dt
[GFX1-]: RenderCompositorSWGL failed mapping default framebuffer, no dt
[GFX1-]: RenderCompositorSWGL failed mapping default framebuffer, no dt
[GFX1-]: RenderCompositorSWGL failed mapping default framebuffer, no dt
[GFX1-]: RenderCompositorSWGL failed mapping default framebuffer, no dt
[GFX1-]: RenderCompositorSWGL failed mapping default framebuffer, no dt
[GFX1-]: RenderCompositorSWGL failed mapping default framebuffer, no dt
[GFX1-]: RenderCompositorSWGL failed mapping default framebuffer, no dt
[GFX1-]: RenderCompositorSWGL failed mapping default framebuffer, no dt
[GFX1-]: RenderCompositorSWGL failed mapping default framebuffer, no dt
[GFX1-]: RenderCompositorSWGL failed mapping default framebuffer, no dt
[GFX1-]: RenderCompositorSWGL failed mapping default framebuffer, no dt
[GFX1-]: RenderCompositorSWGL failed mapping default framebuffer, no dt
[GFX1-]: RenderCompositorSWGL failed mapping default framebuffer, no dt
[GFX1-]: RenderCompositorSWGL failed mapping default framebuffer, no dt
[GFX1-]: RenderCompositorSWGL failed mapping default framebuffer, no dt
[GFX1-]: RenderCompositorSWGL failed mapping default framebuffer, no dt
[GFX1-]: RenderCompositorSWGL failed mapping default framebuffer, no dt
[GFX1-]: RenderCompositorSWGL failed mapping default framebuffer, no dt
[GFX1-]: RenderCompositorSWGL failed mapping default framebuffer, no dt
[GFX1-]: RenderCompositorSWGL failed mapping default framebuffer, no dt
[GFX1-]: RenderCompositorSWGL failed mapping default framebuffer, no dt
[GFX1-]: RenderCompositorSWGL failed mapping default framebuffer, no dt
[GFX1-]: RenderCompositorSWGL failed mapping default framebuffer, no dt
[GFX1-]: RenderCompositorSWGL failed mapping default framebuffer, no dt
[GFX1-]: RenderCompositorSWGL failed mapping default framebuffer, no dt
[GFX1-]: RenderCompositorSWGL failed mapping default framebuffer, no dt
[GFX1-]: RenderCompositorSWGL failed mapping default framebuffer, no dt
[GFX1-]: RenderCompositorSWGL failed mapping default framebuffer, no dt
[GFX1-]: RenderCompositorSWGL failed mapping default framebuffer, no dt
[GFX1-]: RenderCompositorSWGL failed mapping default framebuffer, no dt
[GFX1-]: RenderCompositorSWGL failed mapping default framebuffer, no dt
[GFX1-]: RenderCompositorSWGL failed mapping default framebuffer, no dt
[GFX1-]: RenderCompositorSWGL failed mapping default framebuffer, no dt
[GFX1-]: RenderCompositorSWGL failed mapping default framebuffer, no dt
[GFX1-]: RenderCompositorSWGL failed mapping default framebuffer, no dt
[GFX1-]: RenderCompositorSWGL failed mapping default framebuffer, no dt
[GFX1-]: RenderCompositorSWGL failed mapping default framebuffer, no dt
[GFX1-]: RenderCompositorSWGL failed mapping default framebuffer, no dt
[GFX1-]: RenderCompositorSWGL failed mapping default framebuffer, no dt
[GFX1-]: RenderCompositorSWGL failed mapping default framebuffer, no dt
[GFX1-]: RenderCompositorSWGL failed mapping default framebuffer, no dt
[GFX1-]: RenderCompositorSWGL failed mapping default framebuffer, no dt
[GFX1-]: RenderCompositorSWGL failed mapping default framebuffer, no dt
[GFX1-]: RenderCompositorSWGL failed mapping default framebuffer, no dt
[GFX1-]: RenderCompositorSWGL failed mapping default framebuffer, no dt
[GFX1-]: RenderCompositorSWGL failed mapping default framebuffer, no dt
[GFX1-]: RenderCompositorSWGL failed mapping default framebuffer, no dt
[GFX1-]: RenderCompositorSWGL failed mapping default framebuffer, no dt
[GFX1-]: RenderCompositorSWGL failed mapping default framebuffer, no dt
[GFX1-]: RenderCompositorSWGL failed mapping default framebuffer, no dt
[GFX1-]: RenderCompositorSWGL failed mapping default framebuffer, no dt
[GFX1-]: RenderCompositorSWGL failed mapping default framebuffer, no dt
[GFX1-]: RenderCompositorSWGL failed mapping default framebuffer, no dt
[GFX1-]: RenderCompositorSWGL failed mapping default framebuffer, no dt
[GFX1-]: RenderCompositorSWGL failed mapping default framebuffer, no dt
[GFX1-]: RenderCompositorSWGL failed mapping default framebuffer, no dt
[GFX1-]: RenderCompositorSWGL failed mapping default framebuffer, no dt
[GFX1-]: RenderCompositorSWGL failed mapping default framebuffer, no dt
[GFX1-]: RenderCompositorSWGL failed mapping default framebuffer, no dt
[GFX1-]: RenderCompositorSWGL failed mapping default framebuffer, no dt
[GFX1-]: RenderCompositorSWGL failed mapping default framebuffer, no dt
[GFX1-]: RenderCompositorSWGL failed mapping default framebuffer, no dt
[GFX1-]: RenderCompositorSWGL failed mapping default framebuffer, no dt
[GFX1-]: RenderCompositorSWGL failed mapping default framebuffer, no dt
[GFX1-]: RenderCompositorSWGL failed mapping default framebuffer, no dt
[GFX1-]: RenderCompositorSWGL failed mapping default framebuffer, no dt
[GFX1-]: RenderCompositorSWGL failed mapping default framebuffer, no dt
[GFX1-]: RenderCompositorSWGL failed mapping default framebuffer, no dt
[GFX1-]: RenderCompositorSWGL failed mapping default framebuffer, no dt
[GFX1-]: RenderCompositorSWGL failed mapping default framebuffer, no dt
[GFX1-]: RenderCompositorSWGL failed mapping default framebuffer, no dt
[GFX1-]: RenderCompositorSWGL failed mapping default framebuffer, no dt
[GFX1-]: RenderCompositorSWGL failed mapping default framebuffer, no dt
[GFX1-]: RenderCompositorSWGL failed mapping default framebuffer, no dt
[GFX1-]: RenderCompositorSWGL failed mapping default framebuffer, no dt
[GFX1-]: RenderCompositorSWGL failed mapping default framebuffer, no dt
[GFX1-]: RenderCompositorSWGL failed mapping default framebuffer, no dt
[GFX1-]: RenderCompositorSWGL failed mapping default framebuffer, no dt
[GFX1-]: RenderCompositorSWGL failed mapping default framebuffer, no dt
[GFX1-]: RenderCompositorSWGL failed mapping default framebuffer, no dt
[GFX1-]: RenderCompositorSWGL failed mapping default framebuffer, no dt
[GFX1-]: RenderCompositorSWGL failed mapping default framebuffer, no dt
[GFX1-]: RenderCompositorSWGL failed mapping default framebuffer, no dt
[GFX1-]: RenderCompositorSWGL failed mapping default framebuffer, no dt
[GFX1-]: RenderCompositorSWGL failed mapping default framebuffer, no dt
[GFX1-]: RenderCompositorSWGL failed mapping default framebuffer, no dt
[GFX1-]: RenderCompositorSWGL failed mapping default framebuffer, no dt
[GFX1-]: RenderCompositorSWGL failed mapping default framebuffer, no dt
[GFX1-]: RenderCompositorSWGL failed mapping default framebuffer, no dt
[GFX1-]: RenderCompositorSWGL failed mapping default framebuffer, no dt
[GFX1-]: RenderCompositorSWGL failed mapping default framebuffer, no dt
[GFX1-]: RenderCompositorSWGL failed mapping default framebuffer, no dt
[GFX1-]: RenderCompositorSWGL failed mapping default framebuffer, no dt
[GFX1-]: RenderCompositorSWGL failed mapping default framebuffer, no dt
[GFX1-]: RenderCompositorSWGL failed mapping default framebuffer, no dt
[GFX1-]: RenderCompositorSWGL failed mapping default framebuffer, no dt
[GFX1-]: RenderCompositorSWGL failed mapping default framebuffer, no dt
[GFX1-]: RenderCompositorSWGL failed mapping default framebuffer, no dt
[GFX1-]: RenderCompositorSWGL failed mapping default framebuffer, no dt
[GFX1-]: RenderCompositorSWGL failed mapping default framebuffer, no dt
[GFX1-]: RenderCompositorSWGL failed mapping default framebuffer, no dt
[GFX1-]: RenderCompositorSWGL failed mapping default framebuffer, no dt
[GFX1-]: RenderCompositorSWGL failed mapping default framebuffer, no dt
[GFX1-]: RenderCompositorSWGL failed mapping default framebuffer, no dt
[GFX1-]: RenderCompositorSWGL failed mapping default framebuffer, no dt
[GFX1-]: RenderCompositorSWGL failed mapping default framebuffer, no dt
[GFX1-]: RenderCompositorSWGL failed mapping default framebuffer, no dt
[GFX1-]: RenderCompositorSWGL failed mapping default framebuffer, no dt
[GFX1-]: RenderCompositorSWGL failed mapping default framebuffer, no dt
[GFX1-]: RenderCompositorSWGL failed mapping default framebuffer, no dt
[GFX1-]: RenderCompositorSWGL failed mapping default framebuffer, no dt
[GFX1-]: RenderCompositorSWGL failed mapping default framebuffer, no dt
[GFX1-]: RenderCompositorSWGL failed mapping default framebuffer, no dt
[GFX1-]: RenderCompositorSWGL failed mapping default framebuffer, no dt
[GFX1-]: RenderCompositorSWGL failed mapping default framebuffer, no dt
[GFX1-]: RenderCompositorSWGL failed mapping default framebuffer, no dt
[GFX1-]: RenderCompositorSWGL failed mapping default framebuffer, no dt
[GFX1-]: RenderCompositorSWGL failed mapping default framebuffer, no dt
[GFX1-]: RenderCompositorSWGL failed mapping default framebuffer, no dt
[GFX1-]: RenderCompositorSWGL failed mapping default framebuffer, no dt
[GFX1-]: RenderCompositorSWGL failed mapping default framebuffer, no dt
[GFX1-]: RenderCompositorSWGL failed mapping default framebuffer, no dt
[GFX1-]: RenderCompositorSWGL failed mapping default framebuffer, no dt
[GFX1-]: RenderCompositorSWGL failed mapping default framebuffer, no dt
[GFX1-]: RenderCompositorSWGL failed mapping default framebuffer, no dt
[GFX1-]: RenderCompositorSWGL failed mapping default framebuffer, no dt
[GFX1-]: RenderCompositorSWGL failed mapping default framebuffer, no dt
[GFX1-]: RenderCompositorSWGL failed mapping default framebuffer, no dt
[GFX1-]: RenderCompositorSWGL failed mapping default framebuffer, no dt
[GFX1-]: RenderCompositorSWGL failed mapping default framebuffer, no dt
Exiting due to channel error.
Exiting due to channel error.
Exiting due to channel error.
Exiting due to channel error.
Exiting due to channel error.
Exiting due to channel error.
Exiting due to channel error.
Exiting due to channel error.
Exiting due to channel error.
Exiting due to channel error.
Exiting due to channel error.
Exiting due to channel error.
Exiting due to channel error.
Exiting due to channel error.
[GFX1-]: Receive IPC close with reason=AbnormalShutdown
Exiting due to channel error.
